TN:
SF:src/App.jsx
FN:17,App
FNF:1
FNH:0
FNDA:0,App
DA:18,0
LF:1
LH:0
BRF:0
BRH:0
end_of_record
TN:
SF:src/components/ProtectedRoute.jsx
FN:4,ProtectedRoute
FNF:1
FNH:1
FNDA:5,ProtectedRoute
DA:5,5
DA:6,5
DA:8,5
DA:9,1
DA:16,4
DA:17,1
DA:20,3
DA:21,1
DA:24,2
LF:9
LH:9
BRDA:8,0,0,1
BRDA:8,0,1,4
BRDA:16,1,0,1
BRDA:16,1,1,3
BRDA:20,2,0,1
BRDA:20,2,1,2
BRDA:20,3,0,3
BRDA:20,3,1,2
BRF:8
BRH:8
end_of_record
TN:
SF:src/components/common/DataTable.jsx
FN:7,(anonymous_0)
FN:13,(anonymous_1)
FN:16,(anonymous_2)
FN:17,(anonymous_3)
FN:25,(anonymous_4)
FN:28,(anonymous_5)
FN:46,(anonymous_6)
FN:55,(anonymous_7)
FN:56,(anonymous_8)
FN:62,(anonymous_9)
FN:90,(anonymous_10)
FN:105,(anonymous_11)
FN:113,(anonymous_12)
FN:124,(anonymous_13)
FN:127,(anonymous_14)
FN:133,(anonymous_15)
FN:154,(anonymous_16)
FN:154,(anonymous_17)
FN:161,(anonymous_18)
FN:176,(anonymous_19)
FN:190,(anonymous_20)
FN:190,(anonymous_21)
FNF:22
FNH:0
FNDA:0,(anonymous_0)
FNDA:0,(anonymous_1)
FNDA:0,(anonymous_2)
FNDA:0,(anonymous_3)
FNDA:0,(anonymous_4)
FNDA:0,(anonymous_5)
FNDA:0,(anonymous_6)
FNDA:0,(anonymous_7)
FNDA:0,(anonymous_8)
FNDA:0,(anonymous_9)
FNDA:0,(anonymous_10)
FNDA:0,(anonymous_11)
FNDA:0,(anonymous_12)
FNDA:0,(anonymous_13)
FNDA:0,(anonymous_14)
FNDA:0,(anonymous_15)
FNDA:0,(anonymous_16)
FNDA:0,(anonymous_17)
FNDA:0,(anonymous_18)
FNDA:0,(anonymous_19)
FNDA:0,(anonymous_20)
FNDA:0,(anonymous_21)
DA:7,0
DA:8,0
DA:9,0
DA:10,0
DA:13,0
DA:14,0
DA:16,0
DA:17,0
DA:18,0
DA:19,0
DA:25,0
DA:26,0
DA:28,0
DA:29,0
DA:30,0
DA:32,0
DA:33,0
DA:35,0
DA:36,0
DA:41,0
DA:46,0
DA:47,0
DA:49,0
DA:50,0
DA:53,0
DA:55,0
DA:56,0
DA:62,0
DA:63,0
DA:64,0
DA:67,0
DA:68,0
DA:71,0
DA:72,0
DA:80,0
DA:91,0
DA:92,0
DA:106,0
DA:113,0
DA:125,0
DA:127,0
DA:134,0
DA:154,0
DA:163,0
DA:164,0
DA:165,0
DA:166,0
DA:167,0
DA:168,0
DA:170,0
DA:173,0
DA:176,0
DA:190,0
LF:53
LH:0
BRDA:7,0,0,0
BRDA:7,1,0,0
BRDA:7,2,0,0
BRDA:14,3,0,0
BRDA:14,3,1,0
BRDA:14,4,0,0
BRDA:14,4,1,0
BRDA:14,5,0,0
BRDA:14,5,1,0
BRDA:16,6,0,0
BRDA:16,6,1,0
BRDA:26,7,0,0
BRDA:26,7,1,0
BRDA:32,8,0,0
BRDA:32,8,1,0
BRDA:32,9,0,0
BRDA:32,9,1,0
BRDA:33,10,0,0
BRDA:33,10,1,0
BRDA:33,11,0,0
BRDA:33,11,1,0
BRDA:35,12,0,0
BRDA:35,12,1,0
BRDA:36,13,0,0
BRDA:36,13,1,0
BRDA:41,14,0,0
BRDA:41,14,1,0
BRDA:47,15,0,0
BRDA:47,15,1,0
BRDA:58,16,0,0
BRDA:58,16,1,0
BRDA:58,17,0,0
BRDA:58,17,1,0
BRDA:63,18,0,0
BRDA:63,18,1,0
BRDA:64,19,0,0
BRDA:64,19,1,0
BRDA:67,20,0,0
BRDA:67,20,1,0
BRDA:71,21,0,0
BRDA:71,21,1,0
BRDA:71,22,0,0
BRDA:71,22,1,0
BRDA:83,23,0,0
BRDA:83,23,1,0
BRDA:111,24,0,0
BRDA:111,24,1,0
BRDA:113,25,0,0
BRDA:113,25,1,0
BRDA:113,25,2,0
BRDA:117,26,0,0
BRDA:117,26,1,0
BRDA:117,26,2,0
BRDA:127,27,0,0
BRDA:127,27,1,0
BRDA:130,28,0,0
BRDA:130,28,1,0
BRDA:135,29,0,0
BRDA:135,29,1,0
BRDA:145,30,0,0
BRDA:145,30,1,0
BRDA:145,30,2,0
BRDA:163,31,0,0
BRDA:163,31,1,0
BRDA:165,32,0,0
BRDA:165,32,1,0
BRDA:167,33,0,0
BRDA:167,33,1,0
BRDA:179,34,0,0
BRDA:179,34,1,0
BRF:70
BRH:0
end_of_record
TN:
SF:src/components/common/ErrorBoundary.jsx
FN:6,(anonymous_0)
FN:11,(anonymous_1)
FN:15,(anonymous_2)
FN:19,(anonymous_3)
FN:33,(anonymous_4)
FN:39,(anonymous_5)
FNF:6
FNH:0
FNDA:0,(anonymous_0)
FNDA:0,(anonymous_1)
FNDA:0,(anonymous_2)
FNDA:0,(anonymous_3)
FNDA:0,(anonymous_4)
FNDA:0,(anonymous_5)
DA:7,0
DA:8,0
DA:12,0
DA:16,0
DA:20,0
DA:21,0
DA:33,0
DA:39,0
DA:50,0
LF:9
LH:0
BRDA:20,0,0,0
BRDA:20,0,1,0
BRF:2
BRH:0
end_of_record
TN:
SF:src/components/common/StatusBadge.jsx
FN:3,(anonymous_0)
FN:4,(anonymous_1)
FNF:2
FNH:0
FNDA:0,(anonymous_0)
FNDA:0,(anonymous_1)
DA:3,0
DA:4,0
DA:5,0
DA:6,0
DA:12,0
DA:19,0
DA:23,0
DA:26,0
DA:28,0
DA:32,0
LF:10
LH:0
BRDA:5,0,0,0
BRDA:5,0,1,0
BRDA:6,1,0,0
BRDA:6,1,1,0
BRDA:6,1,2,0
BRDA:6,1,3,0
BRDA:6,1,4,0
BRDA:6,1,5,0
BRDA:6,1,6,0
BRDA:6,1,7,0
BRDA:6,1,8,0
BRDA:6,1,9,0
BRDA:6,1,10,0
BRDA:6,1,11,0
BRDA:6,1,12,0
BRDA:6,1,13,0
BRDA:6,1,14,0
BRDA:6,1,15,0
BRDA:6,1,16,0
BRDA:39,2,0,0
BRDA:39,2,1,0
BRF:21
BRH:0
end_of_record
TN:
SF:src/components/common/Timeline.jsx
FN:15,(anonymous_0)
FN:21,(anonymous_1)
FNF:2
FNH:0
FNDA:0,(anonymous_0)
FNDA:0,(anonymous_1)
DA:4,0
DA:15,0
DA:16,0
DA:18,0
DA:22,0
DA:23,0
DA:25,0
LF:7
LH:0
BRDA:28,0,0,0
BRDA:28,0,1,0
BRDA:32,1,0,0
BRDA:32,1,1,0
BRDA:40,2,0,0
BRDA:40,2,1,0
BRDA:42,3,0,0
BRDA:42,3,1,0
BRDA:49,4,0,0
BRDA:49,4,1,0
BRF:10
BRH:0
end_of_record
TN:
SF:src/components/orders/OrderHistory.jsx
FN:13,OrderHistory
FN:22,(anonymous_1)
FN:32,(anonymous_2)
FN:33,(anonymous_3)
FN:36,(anonymous_4)
FN:40,(anonymous_5)
FN:60,(anonymous_6)
FN:60,(anonymous_7)
FN:80,(anonymous_8)
FN:84,(anonymous_9)
FN:93,(anonymous_10)
FN:97,(anonymous_11)
FN:107,(anonymous_12)
FN:116,(anonymous_13)
FN:144,(anonymous_14)
FNF:15
FNH:0
FNDA:0,OrderHistory
FNDA:0,(anonymous_1)
FNDA:0,(anonymous_2)
FNDA:0,(anonymous_3)
FNDA:0,(anonymous_4)
FNDA:0,(anonymous_5)
FNDA:0,(anonymous_6)
FNDA:0,(anonymous_7)
FNDA:0,(anonymous_8)
FNDA:0,(anonymous_9)
FNDA:0,(anonymous_10)
FNDA:0,(anonymous_11)
FNDA:0,(anonymous_12)
FNDA:0,(anonymous_13)
FNDA:0,(anonymous_14)
DA:10,0
DA:11,0
DA:14,0
DA:15,0
DA:16,0
DA:17,0
DA:18,0
DA:19,0
DA:20,0
DA:22,0
DA:23,0
DA:24,0
DA:25,0
DA:26,0
DA:27,0
DA:28,0
DA:29,0
DA:32,0
DA:33,0
DA:36,0
DA:37,0
DA:40,0
DA:41,0
DA:42,0
DA:43,0
DA:44,0
DA:47,0
DA:49,0
DA:60,0
DA:80,0
DA:85,0
DA:93,0
DA:98,0
DA:107,0
DA:116,0
DA:145,0
LF:36
LH:0
BRDA:13,0,0,0
BRDA:13,1,0,0
BRDA:25,2,0,0
BRDA:25,2,1,0
BRDA:26,3,0,0
BRDA:26,3,1,0
BRDA:27,4,0,0
BRDA:27,4,1,0
BRDA:28,5,0,0
BRDA:28,5,1,0
BRDA:47,6,0,0
BRDA:47,6,1,0
BRDA:47,6,2,0
BRDA:47,6,3,0
BRDA:63,7,0,0
BRDA:63,7,1,0
BRDA:65,8,0,0
BRDA:65,8,1,0
BRDA:74,9,0,0
BRDA:74,9,1,0
BRDA:126,10,0,0
BRDA:126,10,1,0
BRDA:128,11,0,0
BRDA:128,11,1,0
BRDA:148,12,0,0
BRDA:148,12,1,0
BRDA:148,12,2,0
BRDA:151,13,0,0
BRDA:151,13,1,0
BRDA:151,13,2,0
BRDA:158,14,0,0
BRDA:158,14,1,0
BRF:32
BRH:0
end_of_record
TN:
SF:src/components/ui/Button.jsx
FN:12,Button
FNF:1
FNH:1
FNDA:36,Button
DA:3,2
DA:10,2
DA:22,36
LF:3
LH:3
BRDA:14,0,0,36
BRDA:15,1,0,36
BRDA:16,2,0,36
BRDA:17,3,0,36
BRDA:18,4,0,36
BRDA:25,5,0,36
BRDA:25,5,1,35
BRDA:28,6,0,36
BRDA:28,6,1,0
BRDA:29,7,0,36
BRDA:29,7,1,0
BRDA:34,8,0,2
BRDA:34,8,1,34
BRF:13
BRH:11
end_of_record
TN:
SF:src/components/ui/Card.jsx
FN:1,Card
FN:9,CardHeader
FN:13,CardTitle
FN:17,CardContent
FNF:4
FNH:0
FNDA:0,Card
FNDA:0,CardHeader
FNDA:0,CardTitle
FNDA:0,CardContent
DA:2,0
DA:10,0
DA:14,0
DA:18,0
LF:4
LH:0
BRDA:1,0,0,0
BRDA:9,1,0,0
BRDA:13,2,0,0
BRDA:17,3,0,0
BRF:4
BRH:0
end_of_record
TN:
SF:src/components/ui/Input.jsx
FN:5,Input2
FN:34,(anonymous_1)
FN:34,(anonymous_2)
FNF:3
FNH:1
FNDA:58,Input2
FNDA:0,(anonymous_1)
FNDA:0,(anonymous_2)
DA:5,1
DA:9,58
DA:10,58
DA:11,58
DA:13,58
DA:34,0
LF:6
LH:5
BRDA:6,0,0,58
BRDA:11,1,0,0
BRDA:11,1,1,58
BRDA:11,2,0,58
BRDA:11,2,1,29
BRDA:15,3,0,58
BRDA:15,3,1,58
BRDA:24,4,0,0
BRDA:24,4,1,58
BRDA:25,5,0,29
BRDA:25,5,1,29
BRDA:28,6,0,0
BRDA:28,6,1,58
BRDA:31,7,0,58
BRDA:31,7,1,29
BRDA:36,8,0,0
BRDA:36,8,1,29
BRDA:38,9,0,0
BRDA:38,9,1,29
BRDA:42,10,0,58
BRDA:42,10,1,0
BRF:21
BRH:15
end_of_record
TN:
SF:src/components/ui/Modal.jsx
FN:6,(anonymous_0)
FN:7,(anonymous_1)
FN:13,(anonymous_2)
FN:44,(anonymous_3)
FNF:4
FNH:0
FNDA:0,(anonymous_0)
FNDA:0,(anonymous_1)
FNDA:0,(anonymous_2)
FNDA:0,(anonymous_3)
DA:6,0
DA:7,0
DA:8,0
DA:9,0
DA:11,0
DA:13,0
DA:14,0
DA:18,0
DA:20,0
DA:29,0
DA:44,0
DA:65,0
LF:12
LH:0
BRDA:6,0,0,0
BRDA:8,1,0,0
BRDA:8,1,1,0
BRDA:18,2,0,0
BRDA:18,2,1,0
BRDA:47,3,0,0
BRDA:47,3,1,0
BRF:7
BRH:0
end_of_record
TN:
SF:src/components/ui/Skeleton.jsx
FN:3,(anonymous_0)
FN:22,(anonymous_1)
FN:30,(anonymous_2)
FN:36,(anonymous_3)
FN:38,(anonymous_4)
FNF:5
FNH:0
FNDA:0,(anonymous_0)
FNDA:0,(anonymous_1)
FNDA:0,(anonymous_2)
FNDA:0,(anonymous_3)
FNDA:0,(anonymous_4)
DA:3,0
DA:4,0
DA:6,0
DA:14,0
DA:22,0
DA:23,0
DA:30,0
DA:31,0
DA:37,0
DA:39,0
LF:10
LH:0
BRDA:3,0,0,0
BRDA:30,1,0,0
BRDA:30,2,0,0
BRF:3
BRH:0
end_of_record
TN:
SF:src/components/ui/Toast.jsx
FN:7,ToastProvider
FN:10,(anonymous_1)
FN:12,(anonymous_2)
FN:13,(anonymous_3)
FN:17,(anonymous_4)
FN:18,(anonymous_5)
FN:18,(anonymous_6)
FN:21,(anonymous_7)
FN:23,(anonymous_8)
FN:26,(anonymous_9)
FN:27,(anonymous_10)
FN:29,(anonymous_11)
FN:35,(anonymous_12)
FN:43,(anonymous_13)
FN:57,(anonymous_14)
FN:72,useToast
FNF:16
FNH:2
FNDA:4,ToastProvider
FNDA:0,(anonymous_1)
FNDA:0,(anonymous_2)
FNDA:0,(anonymous_3)
FNDA:0,(anonymous_4)
FNDA:0,(anonymous_5)
FNDA:0,(anonymous_6)
FNDA:0,(anonymous_7)
FNDA:0,(anonymous_8)
FNDA:0,(anonymous_9)
FNDA:0,(anonymous_10)
FNDA:0,(anonymous_11)
FNDA:0,(anonymous_12)
FNDA:0,(anonymous_13)
FNDA:0,(anonymous_14)
FNDA:29,useToast
DA:5,1
DA:8,4
DA:10,4
DA:11,0
DA:12,0
DA:13,0
DA:14,0
DA:17,4
DA:18,0
DA:21,4
DA:23,4
DA:24,0
DA:25,0
DA:26,0
DA:27,0
DA:28,0
DA:29,0
DA:30,0
DA:33,0
DA:35,0
DA:38,4
DA:44,0
DA:57,0
DA:73,29
DA:74,29
DA:75,29
LF:26
LH:10
BRDA:10,0,0,0
BRDA:10,1,0,0
BRDA:13,2,0,0
BRDA:13,2,1,0
BRDA:23,3,0,0
BRDA:25,4,0,0
BRDA:25,4,1,0
BRDA:27,5,0,0
BRDA:27,5,1,0
BRDA:28,6,0,0
BRDA:28,6,1,0
BRDA:30,7,0,0
BRDA:30,7,1,0
BRDA:35,8,0,0
BRDA:35,8,1,0
BRDA:48,9,0,0
BRDA:48,9,1,0
BRDA:51,10,0,0
BRDA:51,10,1,0
BRDA:53,11,0,0
BRDA:53,11,1,0
BRDA:45,12,0,0
BRDA:45,12,1,0
BRDA:74,13,0,0
BRDA:74,13,1,29
BRF:25
BRH:1
end_of_record
TN:
SF:src/components/ui/index.js
FNF:0
FNH:0
LF:0
LH:0
BRF:0
BRH:0
end_of_record
TN:
SF:src/config/dashboardRoutes.js
FN:10,getDashboardPath
FN:14,getDashboardLabel
FNF:2
FNH:0
FNDA:0,getDashboardPath
FNDA:0,getDashboardLabel
DA:2,2
DA:11,0
DA:15,0
DA:22,0
DA:26,2
LF:5
LH:2
BRDA:11,0,0,0
BRDA:11,0,1,0
BRDA:22,1,0,0
BRDA:22,1,1,0
BRF:4
BRH:0
end_of_record
TN:
SF:src/context/AuthContext.jsx
FN:8,AuthProvider
FN:14,(anonymous_1)
FN:19,(anonymous_2)
FN:40,(anonymous_3)
FN:62,useAuth
FNF:5
FNH:3
FNDA:8,AuthProvider
FNDA:4,(anonymous_1)
FNDA:0,(anonymous_2)
FNDA:0,(anonymous_3)
FNDA:29,useAuth
DA:6,2
DA:9,8
DA:10,8
DA:11,8
DA:12,8
DA:14,8
DA:15,4
DA:16,4
DA:19,8
DA:20,0
DA:21,0
DA:22,0
DA:23,0
DA:24,0
DA:25,0
DA:27,0
DA:29,0
DA:32,0
DA:36,0
DA:40,8
DA:41,0
DA:42,0
DA:43,0
DA:44,0
DA:47,8
DA:63,29
DA:64,29
DA:65,29
LF:28
LH:14
BRDA:24,0,0,0
BRDA:24,0,1,0
BRDA:24,1,0,0
BRDA:24,1,1,0
BRDA:32,2,0,0
BRDA:32,2,1,0
BRDA:32,2,2,0
BRDA:32,2,3,0
BRDA:57,3,0,8
BRDA:57,3,1,4
BRDA:64,4,0,0
BRDA:64,4,1,29
BRF:12
BRH:3
end_of_record
TN:
SF:src/layouts/LogisticsLayout.jsx
FN:10,LogisticsLayout
FN:23,(anonymous_1)
FN:23,(anonymous_2)
FN:44,(anonymous_3)
FN:50,(anonymous_4)
FNF:5
FNH:0
FNDA:0,LogisticsLayout
FNDA:0,(anonymous_1)
FNDA:0,(anonymous_2)
FNDA:0,(anonymous_3)
FNDA:0,(anonymous_4)
DA:5,0
DA:11,0
DA:12,0
DA:14,0
DA:23,0
DA:45,0
DA:51,0
LF:7
LH:0
BRDA:12,0,0,0
BRDA:12,0,1,0
BRDA:25,1,0,0
BRDA:25,1,1,0
BRDA:27,2,0,0
BRDA:27,2,1,0
BRDA:28,3,0,0
BRDA:28,3,1,0
BRDA:32,4,0,0
BRDA:32,4,1,0
BRDA:38,5,0,0
BRDA:38,5,1,0
BRDA:49,6,0,0
BRDA:49,6,1,0
BRDA:52,7,0,0
BRDA:52,7,1,0
BRDA:54,8,0,0
BRDA:54,8,1,0
BRDA:61,9,0,0
BRDA:61,9,1,0
BRDA:70,10,0,0
BRDA:70,10,1,0
BRF:22
BRH:0
end_of_record
TN:
SF:src/layouts/PortalLayout.jsx
FN:8,PortalLayout
FN:15,(anonymous_1)
FN:28,(anonymous_2)
FNF:3
FNH:0
FNDA:0,PortalLayout
FNDA:0,(anonymous_1)
FNDA:0,(anonymous_2)
DA:6,0
DA:9,0
DA:10,0
DA:11,0
DA:12,0
DA:13,0
DA:14,0
DA:15,0
DA:18,0
DA:29,0
DA:30,0
LF:11
LH:0
BRDA:14,0,0,0
BRDA:14,0,1,0
BRDA:29,1,0,0
BRDA:29,1,1,0
BRDA:29,2,0,0
BRDA:29,2,1,0
BRDA:34,3,0,0
BRDA:34,3,1,0
BRDA:59,4,0,0
BRDA:59,4,1,0
BRDA:59,5,0,0
BRDA:59,5,1,0
BRDA:59,5,2,0
BRDA:59,5,3,0
BRF:14
BRH:0
end_of_record
TN:
SF:src/pages/ApplicationLog.jsx
FN:6,ApplicationLog
FN:12,(anonymous_1)
FN:59,(anonymous_2)
FNF:3
FNH:0
FNDA:0,ApplicationLog
FNDA:0,(anonymous_1)
FNDA:0,(anonymous_2)
DA:7,0
DA:8,0
DA:9,0
DA:10,0
DA:12,0
DA:14,0
DA:15,0
DA:18,0
DA:60,0
LF:9
LH:0
BRDA:51,0,0,0
BRDA:51,0,1,0
BRDA:53,1,0,0
BRDA:53,1,1,0
BRDA:55,2,0,0
BRDA:55,2,1,0
BRDA:61,3,0,0
BRDA:61,3,1,0
BRF:8
BRH:0
end_of_record
TN:
SF:src/pages/DashboardHome.jsx
FN:7,DashboardHome
FNF:1
FNH:0
FNDA:0,DashboardHome
DA:8,0
DA:9,0
DA:10,0
DA:11,0
DA:38,0
LF:5
LH:0
BRDA:10,0,0,0
BRDA:10,0,1,0
BRF:2
BRH:0
end_of_record
TN:
SF:src/pages/admin/AdminDashboard.jsx
FN:17,formatTZS
FN:22,AdminDashboard
FN:36,(anonymous_2)
FN:37,(anonymous_3)
FN:39,(anonymous_4)
FN:40,(anonymous_5)
FN:41,(anonymous_6)
FN:42,(anonymous_7)
FN:43,(anonymous_8)
FN:44,(anonymous_9)
FN:46,(anonymous_10)
FN:47,(anonymous_11)
FN:48,(anonymous_12)
FN:48,(anonymous_13)
FN:48,(anonymous_14)
FN:50,(anonymous_15)
FN:52,(anonymous_16)
FN:53,(anonymous_17)
FN:53,(anonymous_18)
FN:56,(anonymous_19)
FN:58,(anonymous_20)
FN:59,(anonymous_21)
FN:59,(anonymous_22)
FN:62,(anonymous_23)
FN:64,(anonymous_24)
FN:65,(anonymous_25)
FN:65,(anonymous_26)
FN:69,(anonymous_27)
FN:96,(anonymous_28)
FN:118,(anonymous_29)
FN:122,(anonymous_30)
FN:154,(anonymous_31)
FN:160,(anonymous_32)
FN:197,(anonymous_33)
FN:201,(anonymous_34)
FN:224,(anonymous_35)
FN:224,(anonymous_36)
FN:225,(anonymous_37)
FN:225,(anonymous_38)
FN:226,(anonymous_39)
FN:226,(anonymous_40)
FN:227,(anonymous_41)
FN:227,(anonymous_42)
FN:228,(anonymous_43)
FN:228,(anonymous_44)
FN:247,(anonymous_45)
FN:251,(anonymous_46)
FN:251,(anonymous_47)
FN:252,(anonymous_48)
FN:252,(anonymous_49)
FN:253,(anonymous_50)
FN:253,(anonymous_51)
FN:254,(anonymous_52)
FN:254,(anonymous_53)
FN:255,(anonymous_54)
FN:255,(anonymous_55)
FN:258,(anonymous_56)
FN:269,(anonymous_57)
FN:270,(anonymous_58)
FN:310,(anonymous_59)
FN:342,(anonymous_60)
FN:377,(anonymous_61)
FNF:62
FNH:0
FNDA:0,formatTZS
FNDA:0,AdminDashboard
FNDA:0,(anonymous_2)
FNDA:0,(anonymous_3)
FNDA:0,(anonymous_4)
FNDA:0,(anonymous_5)
FNDA:0,(anonymous_6)
FNDA:0,(anonymous_7)
FNDA:0,(anonymous_8)
FNDA:0,(anonymous_9)
FNDA:0,(anonymous_10)
FNDA:0,(anonymous_11)
FNDA:0,(anonymous_12)
FNDA:0,(anonymous_13)
FNDA:0,(anonymous_14)
FNDA:0,(anonymous_15)
FNDA:0,(anonymous_16)
FNDA:0,(anonymous_17)
FNDA:0,(anonymous_18)
FNDA:0,(anonymous_19)
FNDA:0,(anonymous_20)
FNDA:0,(anonymous_21)
FNDA:0,(anonymous_22)
FNDA:0,(anonymous_23)
FNDA:0,(anonymous_24)
FNDA:0,(anonymous_25)
FNDA:0,(anonymous_26)
FNDA:0,(anonymous_27)
FNDA:0,(anonymous_28)
FNDA:0,(anonymous_29)
FNDA:0,(anonymous_30)
FNDA:0,(anonymous_31)
FNDA:0,(anonymous_32)
FNDA:0,(anonymous_33)
FNDA:0,(anonymous_34)
FNDA:0,(anonymous_35)
FNDA:0,(anonymous_36)
FNDA:0,(anonymous_37)
FNDA:0,(anonymous_38)
FNDA:0,(anonymous_39)
FNDA:0,(anonymous_40)
FNDA:0,(anonymous_41)
FNDA:0,(anonymous_42)
FNDA:0,(anonymous_43)
FNDA:0,(anonymous_44)
FNDA:0,(anonymous_45)
FNDA:0,(anonymous_46)
FNDA:0,(anonymous_47)
FNDA:0,(anonymous_48)
FNDA:0,(anonymous_49)
FNDA:0,(anonymous_50)
FNDA:0,(anonymous_51)
FNDA:0,(anonymous_52)
FNDA:0,(anonymous_53)
FNDA:0,(anonymous_54)
FNDA:0,(anonymous_55)
FNDA:0,(anonymous_56)
FNDA:0,(anonymous_57)
FNDA:0,(anonymous_58)
FNDA:0,(anonymous_59)
FNDA:0,(anonymous_60)
FNDA:0,(anonymous_61)
DA:18,0
DA:19,0
DA:23,0
DA:24,0
DA:25,0
DA:26,0
DA:27,0
DA:28,0
DA:29,0
DA:30,0
DA:31,0
DA:32,0
DA:33,0
DA:34,0
DA:36,0
DA:37,0
DA:39,0
DA:40,0
DA:41,0
DA:42,0
DA:43,0
DA:44,0
DA:46,0
DA:47,0
DA:48,0
DA:50,0
DA:51,0
DA:52,0
DA:53,0
DA:56,0
DA:57,0
DA:58,0
DA:59,0
DA:62,0
DA:63,0
DA:64,0
DA:65,0
DA:69,0
DA:70,0
DA:71,0
DA:72,0
DA:73,0
DA:74,0
DA:75,0
DA:77,0
DA:78,0
DA:79,0
DA:86,0
DA:87,0
DA:88,0
DA:90,0
DA:92,0
DA:96,0
DA:97,0
DA:98,0
DA:99,0
DA:100,0
DA:107,0
DA:108,0
DA:109,0
DA:110,0
DA:112,0
DA:114,0
DA:118,0
DA:119,0
DA:122,0
DA:123,0
DA:124,0
DA:125,0
DA:126,0
DA:127,0
DA:128,0
DA:129,0
DA:130,0
DA:131,0
DA:133,0
DA:137,0
DA:145,0
DA:146,0
DA:147,0
DA:148,0
DA:150,0
DA:154,0
DA:160,0
DA:198,0
DA:201,0
DA:224,0
DA:225,0
DA:226,0
DA:227,0
DA:228,0
DA:248,0
DA:251,0
DA:252,0
DA:253,0
DA:254,0
DA:255,0
DA:258,0
DA:269,0
DA:270,0
DA:311,0
DA:343,0
DA:378,0
LF:103
LH:0
BRDA:18,0,0,0
BRDA:18,0,1,0
BRDA:51,1,0,0
BRDA:51,1,1,0
BRDA:57,2,0,0
BRDA:57,2,1,0
BRDA:63,3,0,0
BRDA:63,3,1,0
BRDA:73,4,0,0
BRDA:73,4,1,0
BRDA:73,5,0,0
BRDA:73,5,1,0
BRDA:82,6,0,0
BRDA:82,6,1,0
BRDA:83,7,0,0
BRDA:83,7,1,0
BRDA:84,8,0,0
BRDA:84,8,1,0
BRDA:97,9,0,0
BRDA:97,9,1,0
BRDA:97,10,0,0
BRDA:97,10,1,0
BRDA:103,11,0,0
BRDA:103,11,1,0
BRDA:104,12,0,0
BRDA:104,12,1,0
BRDA:104,13,0,0
BRDA:104,13,1,0
BRDA:105,14,0,0
BRDA:105,14,1,0
BRDA:105,15,0,0
BRDA:105,15,1,0
BRDA:124,16,0,0
BRDA:124,16,1,0
BRDA:203,17,0,0
BRDA:203,17,1,0
BRDA:214,18,0,0
BRDA:214,18,1,0
BRDA:231,19,0,0
BRDA:231,19,1,0
BRDA:249,20,0,0
BRDA:249,20,1,0
BRDA:249,21,0,0
BRDA:249,21,1,0
BRDA:264,22,0,0
BRDA:264,22,1,0
BRDA:265,23,0,0
BRDA:265,23,1,0
BRDA:267,24,0,0
BRDA:267,24,1,0
BRDA:269,25,0,0
BRDA:269,25,1,0
BRDA:269,26,0,0
BRDA:269,26,1,0
BRDA:269,27,0,0
BRDA:269,27,1,0
BRDA:284,28,0,0
BRDA:284,28,1,0
BRDA:293,29,0,0
BRDA:293,29,1,0
BRDA:295,30,0,0
BRDA:295,30,1,0
BRDA:313,31,0,0
BRDA:313,31,1,0
BRDA:314,32,0,0
BRDA:314,32,1,0
BRDA:316,33,0,0
BRDA:316,33,1,0
BRDA:316,33,2,0
BRDA:327,34,0,0
BRDA:327,34,1,0
BRDA:336,35,0,0
BRDA:336,35,1,0
BRDA:338,36,0,0
BRDA:338,36,1,0
BRDA:358,37,0,0
BRDA:358,37,1,0
BRDA:362,38,0,0
BRDA:362,38,1,0
BRDA:371,39,0,0
BRDA:371,39,1,0
BRDA:373,40,0,0
BRDA:373,40,1,0
BRDA:382,41,0,0
BRDA:382,41,1,0
BRF:85
BRH:0
end_of_record
TN:
SF:src/pages/auth/Login.jsx
FN:18,Login
FN:30,handleSubmit
FN:90,(anonymous_2)
FN:93,(anonymous_3)
FN:105,(anonymous_4)
FN:114,(anonymous_5)
FN:123,(anonymous_6)
FNF:7
FNH:4
FNDA:29,Login
FNDA:0,handleSubmit
FNDA:0,(anonymous_2)
FNDA:145,(anonymous_3)
FNDA:14,(anonymous_4)
FNDA:11,(anonymous_5)
FNDA:0,(anonymous_6)
DA:10,1
DA:19,29
DA:20,29
DA:21,29
DA:22,29
DA:23,29
DA:24,29
DA:25,29
DA:26,29
DA:28,29
DA:31,0
DA:32,0
DA:33,0
DA:34,0
DA:35,0
DA:36,0
DA:37,0
DA:39,0
DA:40,0
DA:41,0
DA:44,0
DA:48,29
DA:49,0
DA:70,29
DA:90,0
DA:94,145
DA:105,14
DA:114,11
DA:123,0
LF:29
LH:15
BRDA:35,0,0,0
BRDA:35,0,1,0
BRDA:36,1,0,0
BRDA:36,1,1,0
BRDA:39,2,0,0
BRDA:39,2,1,0
BRDA:48,3,0,0
BRDA:48,3,1,29
BRDA:81,4,0,29
BRDA:81,4,1,0
BRDA:116,5,0,29
BRDA:116,5,1,0
BRF:12
BRH:3
end_of_record
TN:
SF:src/pages/auth/SignUp.jsx
FN:11,generateSixCharCode
FN:31,SignUp
FN:56,(anonymous_2)
FN:59,(anonymous_3)
FN:59,(anonymous_4)
FN:62,(anonymous_5)
FN:66,(anonymous_6)
FN:68,(anonymous_7)
FN:69,(anonymous_8)
FN:70,(anonymous_9)
FN:73,(anonymous_10)
FN:75,(anonymous_11)
FN:77,(anonymous_12)
FN:80,handleSubmit
FN:157,(anonymous_14)
FN:174,(anonymous_15)
FN:182,(anonymous_16)
FN:182,(anonymous_17)
FN:211,(anonymous_18)
FN:224,(anonymous_19)
FN:233,(anonymous_20)
FN:242,(anonymous_21)
FN:258,(anonymous_22)
FN:295,(anonymous_23)
FN:296,(anonymous_24)
FN:314,(anonymous_25)
FN:317,(anonymous_26)
FN:318,(anonymous_27)
FN:329,(anonymous_28)
FNF:29
FNH:0
FNDA:0,generateSixCharCode
FNDA:0,SignUp
FNDA:0,(anonymous_2)
FNDA:0,(anonymous_3)
FNDA:0,(anonymous_4)
FNDA:0,(anonymous_5)
FNDA:0,(anonymous_6)
FNDA:0,(anonymous_7)
FNDA:0,(anonymous_8)
FNDA:0,(anonymous_9)
FNDA:0,(anonymous_10)
FNDA:0,(anonymous_11)
FNDA:0,(anonymous_12)
FNDA:0,handleSubmit
FNDA:0,(anonymous_14)
FNDA:0,(anonymous_15)
FNDA:0,(anonymous_16)
FNDA:0,(anonymous_17)
FNDA:0,(anonymous_18)
FNDA:0,(anonymous_19)
FNDA:0,(anonymous_20)
FNDA:0,(anonymous_21)
FNDA:0,(anonymous_22)
FNDA:0,(anonymous_23)
FNDA:0,(anonymous_24)
FNDA:0,(anonymous_25)
FNDA:0,(anonymous_26)
FNDA:0,(anonymous_27)
FNDA:0,(anonymous_28)
DA:12,0
DA:13,0
DA:14,0
DA:15,0
DA:17,0
DA:20,0
DA:27,0
DA:28,0
DA:29,0
DA:32,0
DA:33,0
DA:34,0
DA:35,0
DA:47,0
DA:48,0
DA:49,0
DA:50,0
DA:51,0
DA:52,0
DA:54,0
DA:56,0
DA:57,0
DA:58,0
DA:59,0
DA:60,0
DA:61,0
DA:62,0
DA:66,0
DA:67,0
DA:68,0
DA:69,0
DA:70,0
DA:73,0
DA:74,0
DA:75,0
DA:76,0
DA:77,0
DA:78,0
DA:81,0
DA:82,0
DA:83,0
DA:84,0
DA:85,0
DA:87,0
DA:88,0
DA:89,0
DA:91,0
DA:92,0
DA:93,0
DA:95,0
DA:96,0
DA:98,0
DA:101,0
DA:112,0
DA:113,0
DA:114,0
DA:115,0
DA:117,0
DA:118,0
DA:122,0
DA:126,0
DA:127,0
DA:129,0
DA:133,0
DA:158,0
DA:174,0
DA:182,0
DA:211,0
DA:225,0
DA:234,0
DA:243,0
DA:259,0
DA:296,0
DA:297,0
DA:298,0
DA:300,0
DA:301,0
DA:302,0
DA:303,0
DA:304,0
DA:305,0
DA:306,0
DA:307,0
DA:308,0
DA:309,0
DA:311,0
DA:314,0
DA:315,0
DA:316,0
DA:317,0
DA:318,0
DA:329,0
LF:92
LH:0
BRDA:57,0,0,0
BRDA:57,0,1,0
BRDA:57,1,0,0
BRDA:57,1,1,0
BRDA:69,2,0,0
BRDA:69,2,1,0
BRDA:70,3,0,0
BRDA:70,3,1,0
BRDA:74,4,0,0
BRDA:74,4,1,0
BRDA:76,5,0,0
BRDA:76,5,1,0
BRDA:78,6,0,0
BRDA:78,6,1,0
BRDA:83,7,0,0
BRDA:83,7,1,0
BRDA:87,8,0,0
BRDA:87,8,1,0
BRDA:87,9,0,0
BRDA:87,9,1,0
BRDA:91,10,0,0
BRDA:91,10,1,0
BRDA:91,11,0,0
BRDA:91,11,1,0
BRDA:91,11,2,0
BRDA:91,11,3,0
BRDA:91,11,4,0
BRDA:91,11,5,0
BRDA:98,12,0,0
BRDA:98,12,1,0
BRDA:100,13,0,0
BRDA:100,13,1,0
BRDA:106,14,0,0
BRDA:106,14,1,0
BRDA:106,15,0,0
BRDA:106,15,1,0
BRDA:108,16,0,0
BRDA:108,16,1,0
BRDA:108,17,0,0
BRDA:108,17,1,0
BRDA:109,18,0,0
BRDA:109,18,1,0
BRDA:109,19,0,0
BRDA:109,19,1,0
BRDA:110,20,0,0
BRDA:110,20,1,0
BRDA:110,21,0,0
BRDA:110,21,1,0
BRDA:112,22,0,0
BRDA:112,22,1,0
BRDA:122,23,0,0
BRDA:122,23,1,0
BRDA:122,23,2,0
BRDA:122,23,3,0
BRDA:141,24,0,0
BRDA:141,24,1,0
BRDA:146,25,0,0
BRDA:146,25,1,0
BRDA:162,26,0,0
BRDA:162,26,1,0
BRDA:193,27,0,0
BRDA:193,27,1,0
BRDA:199,28,0,0
BRDA:199,28,1,0
BRDA:199,28,2,0
BRDA:206,29,0,0
BRDA:206,29,1,0
BRDA:214,30,0,0
BRDA:214,30,1,0
BRDA:274,31,0,0
BRDA:274,31,1,0
BRDA:274,31,2,0
BRDA:297,32,0,0
BRDA:297,32,1,0
BRDA:297,33,0,0
BRDA:297,33,1,0
BRDA:321,34,0,0
BRDA:321,34,1,0
BRDA:322,35,0,0
BRDA:322,35,1,0
BRDA:336,36,0,0
BRDA:336,36,1,0
BRF:82
BRH:0
end_of_record
TN:
SF:src/pages/logistics/LogisticsDashboard.jsx
FN:22,LogisticsDashboard
FN:27,(anonymous_1)
FN:32,(anonymous_2)
FN:36,(anonymous_3)
FN:39,(anonymous_4)
FN:43,(anonymous_5)
FN:50,(anonymous_6)
FN:59,(anonymous_7)
FN:68,(anonymous_8)
FN:88,(anonymous_9)
FN:93,(anonymous_10)
FN:111,(anonymous_11)
FN:121,(anonymous_12)
FN:238,(anonymous_13)
FNF:14
FNH:0
FNDA:0,LogisticsDashboard
FNDA:0,(anonymous_1)
FNDA:0,(anonymous_2)
FNDA:0,(anonymous_3)
FNDA:0,(anonymous_4)
FNDA:0,(anonymous_5)
FNDA:0,(anonymous_6)
FNDA:0,(anonymous_7)
FNDA:0,(anonymous_8)
FNDA:0,(anonymous_9)
FNDA:0,(anonymous_10)
FNDA:0,(anonymous_11)
FNDA:0,(anonymous_12)
FNDA:0,(anonymous_13)
DA:23,0
DA:24,0
DA:25,0
DA:27,0
DA:28,0
DA:29,0
DA:33,0
DA:34,0
DA:36,0
DA:39,0
DA:40,0
DA:43,0
DA:44,0
DA:50,0
DA:51,0
DA:52,0
DA:55,0
DA:58,0
DA:59,0
DA:68,0
DA:70,0
DA:73,0
DA:76,0
DA:77,0
DA:78,0
DA:80,0
DA:81,0
DA:83,0
DA:86,0
DA:88,0
DA:89,0
DA:91,0
DA:93,0
DA:94,0
DA:95,0
DA:97,0
DA:98,0
DA:99,0
DA:101,0
DA:102,0
DA:103,0
DA:104,0
DA:105,0
DA:107,0
DA:111,0
DA:112,0
DA:114,0
DA:115,0
DA:118,0
DA:119,0
DA:121,0
DA:122,0
DA:123,0
DA:124,0
DA:125,0
DA:132,0
DA:141,0
DA:240,0
LF:58
LH:0
BRDA:51,0,0,0
BRDA:51,0,1,0
BRDA:51,1,0,0
BRDA:51,1,1,0
BRDA:77,2,0,0
BRDA:77,2,1,0
BRDA:80,3,0,0
BRDA:80,3,1,0
BRDA:89,4,0,0
BRDA:89,4,1,0
BRDA:94,5,0,0
BRDA:94,5,1,0
BRDA:98,6,0,0
BRDA:98,6,1,0
BRDA:102,7,0,0
BRDA:102,7,1,0
BRDA:104,8,0,0
BRDA:104,8,1,0
BRDA:125,9,0,0
BRDA:125,9,1,0
BRDA:199,10,0,0
BRDA:199,10,1,0
BRDA:220,11,0,0
BRDA:220,11,1,0
BRDA:222,12,0,0
BRDA:222,12,1,0
BRDA:258,13,0,0
BRDA:258,13,1,0
BRDA:260,14,0,0
BRDA:260,14,1,0
BRF:30
BRH:0
end_of_record
TN:
SF:src/pages/logistics/LogisticsDeliveriesPage.jsx
FN:14,LogisticsDeliveriesPage
FN:23,(anonymous_1)
FN:28,(anonymous_2)
FN:29,(anonymous_3)
FN:32,(anonymous_4)
FN:36,(anonymous_5)
FN:59,(anonymous_6)
FN:66,(anonymous_7)
FN:90,(anonymous_8)
FN:90,(anonymous_9)
FN:97,(anonymous_10)
FN:97,(anonymous_11)
FN:104,(anonymous_12)
FN:104,(anonymous_13)
FN:107,(anonymous_14)
FN:136,(anonymous_15)
FN:156,(anonymous_16)
FN:157,(anonymous_17)
FN:161,(anonymous_18)
FN:169,(anonymous_19)
FNF:20
FNH:0
FNDA:0,LogisticsDeliveriesPage
FNDA:0,(anonymous_1)
FNDA:0,(anonymous_2)
FNDA:0,(anonymous_3)
FNDA:0,(anonymous_4)
FNDA:0,(anonymous_5)
FNDA:0,(anonymous_6)
FNDA:0,(anonymous_7)
FNDA:0,(anonymous_8)
FNDA:0,(anonymous_9)
FNDA:0,(anonymous_10)
FNDA:0,(anonymous_11)
FNDA:0,(anonymous_12)
FNDA:0,(anonymous_13)
FNDA:0,(anonymous_14)
FNDA:0,(anonymous_15)
FNDA:0,(anonymous_16)
FNDA:0,(anonymous_17)
FNDA:0,(anonymous_18)
FNDA:0,(anonymous_19)
DA:12,0
DA:15,0
DA:16,0
DA:17,0
DA:18,0
DA:19,0
DA:20,0
DA:21,0
DA:23,0
DA:24,0
DA:25,0
DA:28,0
DA:29,0
DA:32,0
DA:33,0
DA:36,0
DA:37,0
DA:38,0
DA:39,0
DA:40,0
DA:42,0
DA:43,0
DA:44,0
DA:49,0
DA:50,0
DA:51,0
DA:53,0
DA:55,0
DA:59,0
DA:60,0
DA:61,0
DA:62,0
DA:63,0
DA:64,0
DA:65,0
DA:66,0
DA:67,0
DA:69,0
DA:71,0
DA:75,0
DA:90,0
DA:97,0
DA:104,0
DA:108,0
DA:137,0
DA:157,0
DA:162,0
DA:169,0
LF:48
LH:0
BRDA:38,0,0,0
BRDA:38,0,1,0
BRDA:46,1,0,0
BRDA:46,1,1,0
BRDA:61,2,0,0
BRDA:61,2,1,0
BRDA:130,3,0,0
BRDA:130,3,1,0
BRDA:132,4,0,0
BRDA:132,4,1,0
BRDA:144,5,0,0
BRDA:144,5,1,0
BRDA:148,6,0,0
BRDA:148,6,1,0
BRDA:151,7,0,0
BRDA:151,7,1,0
BRDA:151,7,2,0
BRDA:155,8,0,0
BRDA:155,8,1,0
BRF:19
BRH:0
end_of_record
TN:
SF:src/pages/sales-point/CatalogPage.jsx
FN:8,CatalogPage
FN:14,(anonymous_1)
FN:18,(anonymous_2)
FN:24,(anonymous_3)
FN:62,(anonymous_4)
FNF:5
FNH:0
FNDA:0,CatalogPage
FNDA:0,(anonymous_1)
FNDA:0,(anonymous_2)
FNDA:0,(anonymous_3)
FNDA:0,(anonymous_4)
DA:9,0
DA:10,0
DA:11,0
DA:12,0
DA:14,0
DA:15,0
DA:19,0
DA:20,0
DA:21,0
DA:22,0
DA:24,0
DA:27,0
DA:63,0
LF:13
LH:0
BRDA:42,0,0,0
BRDA:42,0,1,0
BRDA:43,1,0,0
BRDA:43,1,1,0
BRDA:44,2,0,0
BRDA:44,2,1,0
BRDA:44,2,2,0
BRDA:44,2,3,0
BRDA:47,3,0,0
BRDA:47,3,1,0
BRDA:47,3,2,0
BRDA:47,3,3,0
BRDA:65,4,0,0
BRDA:65,4,1,0
BRDA:66,5,0,0
BRDA:66,5,1,0
BRDA:67,6,0,0
BRDA:67,6,1,0
BRDA:68,7,0,0
BRDA:68,7,1,0
BRDA:69,8,0,0
BRDA:69,8,1,0
BRDA:71,9,0,0
BRDA:71,9,1,0
BRDA:71,9,2,0
BRDA:72,10,0,0
BRDA:72,10,1,0
BRDA:72,10,2,0
BRDA:72,10,3,0
BRF:29
BRH:0
end_of_record
TN:
SF:src/pages/sales-point/SalesPointDashboard.jsx
FN:54,formatTZS
FN:59,generateControlNumber
FN:66,getTfraFertilizersForWard
FN:68,(anonymous_3)
FN:70,(anonymous_4)
FN:114,SalesPointDashboard
FN:150,(anonymous_6)
FN:155,(anonymous_7)
FN:156,(anonymous_8)
FN:159,(anonymous_9)
FN:159,(anonymous_10)
FN:159,(anonymous_11)
FN:162,(anonymous_12)
FN:164,(anonymous_13)
FN:170,(anonymous_14)
FN:171,(anonymous_15)
FN:172,(anonymous_16)
FN:175,(anonymous_17)
FN:175,(anonymous_18)
FN:177,(anonymous_19)
FN:178,(anonymous_20)
FN:179,(anonymous_21)
FN:182,(anonymous_22)
FN:182,(anonymous_23)
FN:184,(anonymous_24)
FN:185,(anonymous_25)
FN:186,(anonymous_26)
FN:189,(anonymous_27)
FN:189,(anonymous_28)
FN:191,(anonymous_29)
FN:192,(anonymous_30)
FN:193,(anonymous_31)
FN:196,(anonymous_32)
FN:196,(anonymous_33)
FN:198,(anonymous_34)
FN:199,(anonymous_35)
FN:200,(anonymous_36)
FN:203,(anonymous_37)
FN:203,(anonymous_38)
FN:206,(anonymous_39)
FN:215,(anonymous_40)
FN:216,(anonymous_41)
FN:219,(anonymous_42)
FN:223,(anonymous_43)
FN:225,(anonymous_44)
FN:229,(anonymous_45)
FN:231,(anonymous_46)
FN:233,(anonymous_47)
FN:236,(anonymous_48)
FN:240,(anonymous_49)
FN:242,(anonymous_50)
FN:245,(anonymous_51)
FN:248,(anonymous_52)
FN:254,(anonymous_53)
FN:257,(anonymous_54)
FN:262,(anonymous_55)
FN:270,(anonymous_56)
FN:274,(anonymous_57)
FN:281,(anonymous_58)
FN:286,(anonymous_59)
FN:288,(anonymous_60)
FN:289,(anonymous_61)
FN:291,(anonymous_62)
FN:295,(anonymous_63)
FN:299,(anonymous_64)
FN:300,(anonymous_65)
FN:300,(anonymous_66)
FN:302,(anonymous_67)
FN:303,(anonymous_68)
FN:303,(anonymous_69)
FN:306,(anonymous_70)
FN:308,(anonymous_71)
FN:327,(anonymous_72)
FN:334,(anonymous_73)
FN:338,(anonymous_74)
FN:350,(anonymous_75)
FN:358,(anonymous_76)
FN:358,(anonymous_77)
FN:368,(anonymous_78)
FN:371,(anonymous_79)
FN:374,(anonymous_80)
FN:387,(anonymous_81)
FN:398,(anonymous_82)
FN:406,(anonymous_83)
FN:432,(anonymous_84)
FN:446,(anonymous_85)
FN:460,(anonymous_86)
FN:461,(anonymous_87)
FN:462,(anonymous_88)
FN:466,(anonymous_89)
FN:466,(anonymous_90)
FN:466,(anonymous_91)
FN:472,(anonymous_92)
FN:474,(anonymous_93)
FN:484,(anonymous_94)
FN:486,(anonymous_95)
FN:487,(anonymous_96)
FN:488,(anonymous_97)
FN:489,(anonymous_98)
FN:493,(anonymous_99)
FN:495,(anonymous_100)
FN:496,(anonymous_101)
FN:496,(anonymous_102)
FN:499,(anonymous_103)
FN:500,(anonymous_104)
FN:500,(anonymous_105)
FN:504,(anonymous_106)
FN:513,(anonymous_107)
FN:517,(anonymous_108)
FN:525,(anonymous_109)
FN:527,(anonymous_110)
FN:531,(anonymous_111)
FN:535,(anonymous_112)
FN:537,(anonymous_113)
FN:541,(anonymous_114)
FN:545,(anonymous_115)
FN:547,(anonymous_116)
FN:551,(anonymous_117)
FN:560,(anonymous_118)
FN:576,(anonymous_119)
FN:589,(anonymous_120)
FN:589,(anonymous_121)
FN:602,(anonymous_122)
FN:608,(anonymous_123)
FN:702,(anonymous_124)
FN:703,(anonymous_125)
FN:736,(anonymous_126)
FN:740,(anonymous_127)
FN:741,(anonymous_128)
FN:776,(anonymous_129)
FN:780,(anonymous_130)
FN:781,(anonymous_131)
FN:809,(anonymous_132)
FN:830,(anonymous_133)
FN:885,(anonymous_134)
FN:889,(anonymous_135)
FN:901,(anonymous_136)
FN:906,(anonymous_137)
FN:912,(anonymous_138)
FN:917,(anonymous_139)
FN:923,(anonymous_140)
FN:928,(anonymous_141)
FN:935,(anonymous_142)
FN:956,(anonymous_143)
FN:970,(anonymous_144)
FN:974,(anonymous_145)
FN:1009,(anonymous_146)
FN:1013,(anonymous_147)
FN:1018,(anonymous_148)
FN:1036,(anonymous_149)
FN:1039,(anonymous_150)
FN:1040,(anonymous_151)
FN:1045,(anonymous_152)
FN:1055,(anonymous_153)
FN:1055,(anonymous_154)
FN:1055,(anonymous_155)
FN:1058,(anonymous_156)
FN:1084,(anonymous_157)
FN:1091,(anonymous_158)
FN:1111,(anonymous_159)
FN:1112,(anonymous_160)
FN:1118,(anonymous_161)
FN:1150,(anonymous_162)
FN:1169,(anonymous_163)
FN:1175,(anonymous_164)
FN:1177,(anonymous_165)
FN:1180,(anonymous_166)
FN:1223,(anonymous_167)
FN:1226,(anonymous_168)
FN:1229,(anonymous_169)
FN:1233,(anonymous_170)
FN:1237,(anonymous_171)
FN:1247,(anonymous_172)
FN:1249,(anonymous_173)
FN:1270,(anonymous_174)
FN:1270,(anonymous_175)
FN:1304,(anonymous_176)
FN:1314,(anonymous_177)
FN:1344,(anonymous_178)
FN:1381,(anonymous_179)
FN:1398,(anonymous_180)
FN:1405,(anonymous_181)
FN:1410,(anonymous_182)
FN:1434,(anonymous_183)
FN:1447,(anonymous_184)
FNF:185
FNH:0
FNDA:0,formatTZS
FNDA:0,generateControlNumber
FNDA:0,getTfraFertilizersForWard
FNDA:0,(anonymous_3)
FNDA:0,(anonymous_4)
FNDA:0,SalesPointDashboard
FNDA:0,(anonymous_6)
FNDA:0,(anonymous_7)
FNDA:0,(anonymous_8)
FNDA:0,(anonymous_9)
FNDA:0,(anonymous_10)
FNDA:0,(anonymous_11)
FNDA:0,(anonymous_12)
FNDA:0,(anonymous_13)
FNDA:0,(anonymous_14)
FNDA:0,(anonymous_15)
FNDA:0,(anonymous_16)
FNDA:0,(anonymous_17)
FNDA:0,(anonymous_18)
FNDA:0,(anonymous_19)
FNDA:0,(anonymous_20)
FNDA:0,(anonymous_21)
FNDA:0,(anonymous_22)
FNDA:0,(anonymous_23)
FNDA:0,(anonymous_24)
FNDA:0,(anonymous_25)
FNDA:0,(anonymous_26)
FNDA:0,(anonymous_27)
FNDA:0,(anonymous_28)
FNDA:0,(anonymous_29)
FNDA:0,(anonymous_30)
FNDA:0,(anonymous_31)
FNDA:0,(anonymous_32)
FNDA:0,(anonymous_33)
FNDA:0,(anonymous_34)
FNDA:0,(anonymous_35)
FNDA:0,(anonymous_36)
FNDA:0,(anonymous_37)
FNDA:0,(anonymous_38)
FNDA:0,(anonymous_39)
FNDA:0,(anonymous_40)
FNDA:0,(anonymous_41)
FNDA:0,(anonymous_42)
FNDA:0,(anonymous_43)
FNDA:0,(anonymous_44)
FNDA:0,(anonymous_45)
FNDA:0,(anonymous_46)
FNDA:0,(anonymous_47)
FNDA:0,(anonymous_48)
FNDA:0,(anonymous_49)
FNDA:0,(anonymous_50)
FNDA:0,(anonymous_51)
FNDA:0,(anonymous_52)
FNDA:0,(anonymous_53)
FNDA:0,(anonymous_54)
FNDA:0,(anonymous_55)
FNDA:0,(anonymous_56)
FNDA:0,(anonymous_57)
FNDA:0,(anonymous_58)
FNDA:0,(anonymous_59)
FNDA:0,(anonymous_60)
FNDA:0,(anonymous_61)
FNDA:0,(anonymous_62)
FNDA:0,(anonymous_63)
FNDA:0,(anonymous_64)
FNDA:0,(anonymous_65)
FNDA:0,(anonymous_66)
FNDA:0,(anonymous_67)
FNDA:0,(anonymous_68)
FNDA:0,(anonymous_69)
FNDA:0,(anonymous_70)
FNDA:0,(anonymous_71)
FNDA:0,(anonymous_72)
FNDA:0,(anonymous_73)
FNDA:0,(anonymous_74)
FNDA:0,(anonymous_75)
FNDA:0,(anonymous_76)
FNDA:0,(anonymous_77)
FNDA:0,(anonymous_78)
FNDA:0,(anonymous_79)
FNDA:0,(anonymous_80)
FNDA:0,(anonymous_81)
FNDA:0,(anonymous_82)
FNDA:0,(anonymous_83)
FNDA:0,(anonymous_84)
FNDA:0,(anonymous_85)
FNDA:0,(anonymous_86)
FNDA:0,(anonymous_87)
FNDA:0,(anonymous_88)
FNDA:0,(anonymous_89)
FNDA:0,(anonymous_90)
FNDA:0,(anonymous_91)
FNDA:0,(anonymous_92)
FNDA:0,(anonymous_93)
FNDA:0,(anonymous_94)
FNDA:0,(anonymous_95)
FNDA:0,(anonymous_96)
FNDA:0,(anonymous_97)
FNDA:0,(anonymous_98)
FNDA:0,(anonymous_99)
FNDA:0,(anonymous_100)
FNDA:0,(anonymous_101)
FNDA:0,(anonymous_102)
FNDA:0,(anonymous_103)
FNDA:0,(anonymous_104)
FNDA:0,(anonymous_105)
FNDA:0,(anonymous_106)
FNDA:0,(anonymous_107)
FNDA:0,(anonymous_108)
FNDA:0,(anonymous_109)
FNDA:0,(anonymous_110)
FNDA:0,(anonymous_111)
FNDA:0,(anonymous_112)
FNDA:0,(anonymous_113)
FNDA:0,(anonymous_114)
FNDA:0,(anonymous_115)
FNDA:0,(anonymous_116)
FNDA:0,(anonymous_117)
FNDA:0,(anonymous_118)
FNDA:0,(anonymous_119)
FNDA:0,(anonymous_120)
FNDA:0,(anonymous_121)
FNDA:0,(anonymous_122)
FNDA:0,(anonymous_123)
FNDA:0,(anonymous_124)
FNDA:0,(anonymous_125)
FNDA:0,(anonymous_126)
FNDA:0,(anonymous_127)
FNDA:0,(anonymous_128)
FNDA:0,(anonymous_129)
FNDA:0,(anonymous_130)
FNDA:0,(anonymous_131)
FNDA:0,(anonymous_132)
FNDA:0,(anonymous_133)
FNDA:0,(anonymous_134)
FNDA:0,(anonymous_135)
FNDA:0,(anonymous_136)
FNDA:0,(anonymous_137)
FNDA:0,(anonymous_138)
FNDA:0,(anonymous_139)
FNDA:0,(anonymous_140)
FNDA:0,(anonymous_141)
FNDA:0,(anonymous_142)
FNDA:0,(anonymous_143)
FNDA:0,(anonymous_144)
FNDA:0,(anonymous_145)
FNDA:0,(anonymous_146)
FNDA:0,(anonymous_147)
FNDA:0,(anonymous_148)
FNDA:0,(anonymous_149)
FNDA:0,(anonymous_150)
FNDA:0,(anonymous_151)
FNDA:0,(anonymous_152)
FNDA:0,(anonymous_153)
FNDA:0,(anonymous_154)
FNDA:0,(anonymous_155)
FNDA:0,(anonymous_156)
FNDA:0,(anonymous_157)
FNDA:0,(anonymous_158)
FNDA:0,(anonymous_159)
FNDA:0,(anonymous_160)
FNDA:0,(anonymous_161)
FNDA:0,(anonymous_162)
FNDA:0,(anonymous_163)
FNDA:0,(anonymous_164)
FNDA:0,(anonymous_165)
FNDA:0,(anonymous_166)
FNDA:0,(anonymous_167)
FNDA:0,(anonymous_168)
FNDA:0,(anonymous_169)
FNDA:0,(anonymous_170)
FNDA:0,(anonymous_171)
FNDA:0,(anonymous_172)
FNDA:0,(anonymous_173)
FNDA:0,(anonymous_174)
FNDA:0,(anonymous_175)
FNDA:0,(anonymous_176)
FNDA:0,(anonymous_177)
FNDA:0,(anonymous_178)
FNDA:0,(anonymous_179)
FNDA:0,(anonymous_180)
FNDA:0,(anonymous_181)
FNDA:0,(anonymous_182)
FNDA:0,(anonymous_183)
FNDA:0,(anonymous_184)
DA:55,0
DA:56,0
DA:60,0
DA:61,0
DA:62,0
DA:67,0
DA:68,0
DA:69,0
DA:70,0
DA:71,0
DA:72,0
DA:73,0
DA:74,0
DA:75,0
DA:76,0
DA:77,0
DA:78,0
DA:79,0
DA:80,0
DA:81,0
DA:90,0
DA:93,0
DA:102,0
DA:103,0
DA:104,0
DA:105,0
DA:115,0
DA:116,0
DA:117,0
DA:118,0
DA:119,0
DA:120,0
DA:121,0
DA:122,0
DA:123,0
DA:124,0
DA:125,0
DA:126,0
DA:127,0
DA:128,0
DA:129,0
DA:130,0
DA:131,0
DA:132,0
DA:133,0
DA:134,0
DA:135,0
DA:136,0
DA:137,0
DA:138,0
DA:139,0
DA:140,0
DA:141,0
DA:142,0
DA:143,0
DA:144,0
DA:145,0
DA:147,0
DA:148,0
DA:150,0
DA:151,0
DA:152,0
DA:153,0
DA:155,0
DA:156,0
DA:157,0
DA:158,0
DA:159,0
DA:162,0
DA:163,0
DA:164,0
DA:165,0
DA:167,0
DA:170,0
DA:171,0
DA:172,0
DA:173,0
DA:174,0
DA:175,0
DA:177,0
DA:178,0
DA:179,0
DA:180,0
DA:181,0
DA:182,0
DA:184,0
DA:185,0
DA:186,0
DA:187,0
DA:188,0
DA:189,0
DA:191,0
DA:192,0
DA:193,0
DA:194,0
DA:195,0
DA:196,0
DA:198,0
DA:199,0
DA:200,0
DA:201,0
DA:202,0
DA:203,0
DA:206,0
DA:207,0
DA:208,0
DA:209,0
DA:210,0
DA:211,0
DA:215,0
DA:216,0
DA:217,0
DA:219,0
DA:223,0
DA:224,0
DA:225,0
DA:226,0
DA:227,0
DA:229,0
DA:231,0
DA:232,0
DA:233,0
DA:234,0
DA:236,0
DA:240,0
DA:241,0
DA:242,0
DA:245,0
DA:247,0
DA:248,0
DA:249,0
DA:250,0
DA:251,0
DA:254,0
DA:257,0
DA:258,0
DA:259,0
DA:260,0
DA:261,0
DA:262,0
DA:269,0
DA:270,0
DA:272,0
DA:273,0
DA:274,0
DA:279,0
DA:280,0
DA:281,0
DA:283,0
DA:286,0
DA:287,0
DA:288,0
DA:289,0
DA:290,0
DA:291,0
DA:293,0
DA:295,0
DA:296,0
DA:299,0
DA:300,0
DA:302,0
DA:303,0
DA:306,0
DA:307,0
DA:308,0
DA:309,0
DA:310,0
DA:311,0
DA:312,0
DA:314,0
DA:315,0
DA:324,0
DA:327,0
DA:328,0
DA:329,0
DA:330,0
DA:333,0
DA:334,0
DA:337,0
DA:338,0
DA:341,0
DA:342,0
DA:343,0
DA:346,0
DA:347,0
DA:348,0
DA:350,0
DA:357,0
DA:358,0
DA:359,0
DA:360,0
DA:362,0
DA:364,0
DA:368,0
DA:369,0
DA:370,0
DA:371,0
DA:374,0
DA:375,0
DA:376,0
DA:377,0
DA:378,0
DA:379,0
DA:380,0
DA:381,0
DA:383,0
DA:387,0
DA:388,0
DA:389,0
DA:390,0
DA:391,0
DA:393,0
DA:394,0
DA:395,0
DA:396,0
DA:398,0
DA:399,0
DA:406,0
DA:407,0
DA:408,0
DA:409,0
DA:410,0
DA:411,0
DA:413,0
DA:414,0
DA:415,0
DA:420,0
DA:421,0
DA:422,0
DA:423,0
DA:424,0
DA:426,0
DA:428,0
DA:432,0
DA:433,0
DA:434,0
DA:435,0
DA:436,0
DA:437,0
DA:438,0
DA:440,0
DA:442,0
DA:446,0
DA:447,0
DA:448,0
DA:449,0
DA:450,0
DA:451,0
DA:452,0
DA:454,0
DA:456,0
DA:460,0
DA:461,0
DA:462,0
DA:465,0
DA:466,0
DA:471,0
DA:473,0
DA:475,0
DA:484,0
DA:485,0
DA:486,0
DA:487,0
DA:488,0
DA:489,0
DA:490,0
DA:493,0
DA:494,0
DA:495,0
DA:496,0
DA:499,0
DA:500,0
DA:504,0
DA:505,0
DA:506,0
DA:507,0
DA:508,0
DA:509,0
DA:510,0
DA:511,0
DA:513,0
DA:514,0
DA:515,0
DA:516,0
DA:517,0
DA:518,0
DA:521,0
DA:525,0
DA:526,0
DA:527,0
DA:528,0
DA:529,0
DA:531,0
DA:535,0
DA:536,0
DA:537,0
DA:538,0
DA:539,0
DA:541,0
DA:545,0
DA:546,0
DA:547,0
DA:548,0
DA:549,0
DA:551,0
DA:554,0
DA:556,0
DA:560,0
DA:576,0
DA:589,0
DA:603,0
DA:609,0
DA:702,0
DA:703,0
DA:737,0
DA:740,0
DA:741,0
DA:777,0
DA:780,0
DA:781,0
DA:809,0
DA:831,0
DA:885,0
DA:889,0
DA:901,0
DA:907,0
DA:912,0
DA:918,0
DA:923,0
DA:929,0
DA:935,0
DA:957,0
DA:970,0
DA:975,0
DA:976,0
DA:977,0
DA:978,0
DA:979,0
DA:980,0
DA:1009,0
DA:1013,0
DA:1018,0
DA:1036,0
DA:1040,0
DA:1041,0
DA:1046,0
DA:1055,0
DA:1058,0
DA:1084,0
DA:1091,0
DA:1111,0
DA:1113,0
DA:1118,0
DA:1151,0
DA:1169,0
DA:1176,0
DA:1177,0
DA:1180,0
DA:1185,0
DA:1224,0
DA:1225,0
DA:1226,0
DA:1227,0
DA:1229,0
DA:1230,0
DA:1231,0
DA:1232,0
DA:1233,0
DA:1237,0
DA:1248,0
DA:1249,0
DA:1252,0
DA:1270,0
DA:1305,0
DA:1314,0
DA:1344,0
DA:1381,0
DA:1398,0
DA:1405,0
DA:1410,0
DA:1435,0
DA:1447,0
LF:382
LH:0
BRDA:55,0,0,0
BRDA:55,0,1,0
BRDA:60,1,0,0
BRDA:60,1,1,0
BRDA:67,2,0,0
BRDA:67,2,1,0
BRDA:69,3,0,0
BRDA:69,3,1,0
BRDA:71,4,0,0
BRDA:71,4,1,0
BRDA:75,5,0,0
BRDA:75,5,1,0
BRDA:77,6,0,0
BRDA:77,6,1,0
BRDA:79,7,0,0
BRDA:79,7,1,0
BRDA:120,8,0,0
BRDA:120,8,1,0
BRDA:120,9,0,0
BRDA:120,9,1,0
BRDA:147,10,0,0
BRDA:147,10,1,0
BRDA:148,11,0,0
BRDA:148,11,1,0
BRDA:148,11,2,0
BRDA:151,12,0,0
BRDA:151,12,1,0
BRDA:226,13,0,0
BRDA:226,13,1,0
BRDA:226,13,2,0
BRDA:227,14,0,0
BRDA:227,14,1,0
BRDA:234,15,0,0
BRDA:234,15,1,0
BRDA:241,16,0,0
BRDA:241,16,1,0
BRDA:241,17,0,0
BRDA:241,17,1,0
BRDA:243,18,0,0
BRDA:243,18,1,0
BRDA:243,18,2,0
BRDA:243,18,3,0
BRDA:244,19,0,0
BRDA:244,19,1,0
BRDA:244,19,2,0
BRDA:244,19,3,0
BRDA:244,19,4,0
BRDA:244,20,0,0
BRDA:244,20,1,0
BRDA:244,20,2,0
BRDA:249,21,0,0
BRDA:249,21,1,0
BRDA:250,22,0,0
BRDA:250,22,1,0
BRDA:250,23,0,0
BRDA:250,23,1,0
BRDA:251,24,0,0
BRDA:251,24,1,0
BRDA:251,24,2,0
BRDA:259,25,0,0
BRDA:259,25,1,0
BRDA:262,26,0,0
BRDA:262,26,1,0
BRDA:262,26,2,0
BRDA:262,26,3,0
BRDA:266,27,0,0
BRDA:266,27,1,0
BRDA:269,28,0,0
BRDA:269,28,1,0
BRDA:270,29,0,0
BRDA:270,29,1,0
BRDA:272,30,0,0
BRDA:272,30,1,0
BRDA:274,31,0,0
BRDA:274,31,1,0
BRDA:275,32,0,0
BRDA:275,32,1,0
BRDA:276,33,0,0
BRDA:276,33,1,0
BRDA:279,34,0,0
BRDA:279,34,1,0
BRDA:281,35,0,0
BRDA:281,35,1,0
BRDA:286,36,0,0
BRDA:290,37,0,0
BRDA:290,37,1,0
BRDA:291,38,0,0
BRDA:291,38,1,0
BRDA:296,39,0,0
BRDA:296,39,1,0
BRDA:299,40,0,0
BRDA:299,40,1,0
BRDA:310,41,0,0
BRDA:310,41,1,0
BRDA:311,42,0,0
BRDA:311,42,1,0
BRDA:311,42,2,0
BRDA:311,43,0,0
BRDA:311,43,1,0
BRDA:318,44,0,0
BRDA:318,44,1,0
BRDA:327,45,0,0
BRDA:328,46,0,0
BRDA:328,46,1,0
BRDA:333,47,0,0
BRDA:333,47,1,0
BRDA:334,48,0,0
BRDA:334,48,1,0
BRDA:337,49,0,0
BRDA:337,49,1,0
BRDA:337,50,0,0
BRDA:337,50,1,0
BRDA:338,51,0,0
BRDA:338,51,1,0
BRDA:338,52,0,0
BRDA:338,52,1,0
BRDA:341,53,0,0
BRDA:341,53,1,0
BRDA:354,54,0,0
BRDA:354,54,1,0
BRDA:376,55,0,0
BRDA:376,55,1,0
BRDA:389,56,0,0
BRDA:389,56,1,0
BRDA:394,57,0,0
BRDA:394,57,1,0
BRDA:401,58,0,0
BRDA:401,58,1,0
BRDA:402,59,0,0
BRDA:402,59,1,0
BRDA:407,60,0,0
BRDA:407,60,1,0
BRDA:409,61,0,0
BRDA:409,61,1,0
BRDA:418,62,0,0
BRDA:418,62,1,0
BRDA:420,63,0,0
BRDA:420,63,1,0
BRDA:462,64,0,0
BRDA:462,64,1,0
BRDA:466,65,0,0
BRDA:466,65,1,0
BRDA:475,66,0,0
BRDA:475,66,1,0
BRDA:475,66,2,0
BRDA:475,66,3,0
BRDA:496,67,0,0
BRDA:496,67,1,0
BRDA:496,68,0,0
BRDA:496,68,1,0
BRDA:496,69,0,0
BRDA:496,69,1,0
BRDA:500,70,0,0
BRDA:500,70,1,0
BRDA:500,71,0,0
BRDA:500,71,1,0
BRDA:514,72,0,0
BRDA:514,72,1,0
BRDA:515,73,0,0
BRDA:515,73,1,0
BRDA:517,74,0,0
BRDA:517,74,1,0
BRDA:517,75,0,0
BRDA:517,75,1,0
BRDA:517,76,0,0
BRDA:517,76,1,0
BRDA:528,77,0,0
BRDA:528,77,1,0
BRDA:529,78,0,0
BRDA:529,78,1,0
BRDA:538,79,0,0
BRDA:538,79,1,0
BRDA:539,80,0,0
BRDA:539,80,1,0
BRDA:548,81,0,0
BRDA:548,81,1,0
BRDA:549,82,0,0
BRDA:549,82,1,0
BRDA:554,83,0,0
BRDA:554,83,1,0
BRDA:568,84,0,0
BRDA:568,84,1,0
BRDA:590,85,0,0
BRDA:590,85,1,0
BRDA:591,86,0,0
BRDA:591,86,1,0
BRDA:592,87,0,0
BRDA:592,87,1,0
BRDA:596,88,0,0
BRDA:596,88,1,0
BRDA:607,89,0,0
BRDA:607,89,1,0
BRDA:609,90,0,0
BRDA:609,90,1,0
BRDA:609,91,0,0
BRDA:609,91,1,0
BRDA:613,92,0,0
BRDA:613,92,1,0
BRDA:617,93,0,0
BRDA:617,93,1,0
BRDA:617,93,2,0
BRDA:617,93,3,0
BRDA:619,94,0,0
BRDA:619,94,1,0
BRDA:622,95,0,0
BRDA:622,95,1,0
BRDA:640,96,0,0
BRDA:640,96,1,0
BRDA:645,97,0,0
BRDA:645,97,1,0
BRDA:702,98,0,0
BRDA:702,98,1,0
BRDA:719,99,0,0
BRDA:719,99,1,0
BRDA:759,100,0,0
BRDA:759,100,1,0
BRDA:795,101,0,0
BRDA:795,101,1,0
BRDA:826,102,0,0
BRDA:826,102,1,0
BRDA:835,103,0,0
BRDA:835,103,1,0
BRDA:838,104,0,0
BRDA:838,104,1,0
BRDA:838,104,2,0
BRDA:841,105,0,0
BRDA:841,105,1,0
BRDA:847,106,0,0
BRDA:847,106,1,0
BRDA:850,107,0,0
BRDA:850,107,1,0
BRDA:855,108,0,0
BRDA:855,108,1,0
BRDA:856,109,0,0
BRDA:856,109,1,0
BRDA:857,110,0,0
BRDA:857,110,1,0
BRDA:871,111,0,0
BRDA:871,111,1,0
BRDA:888,112,0,0
BRDA:888,112,1,0
BRDA:931,113,0,0
BRDA:931,113,1,0
BRDA:931,113,2,0
BRDA:931,113,3,0
BRDA:944,114,0,0
BRDA:944,114,1,0
BRDA:949,115,0,0
BRDA:949,115,1,0
BRDA:954,116,0,0
BRDA:954,116,1,0
BRDA:965,117,0,0
BRDA:965,117,1,0
BRDA:975,118,0,0
BRDA:975,118,1,0
BRDA:976,119,0,0
BRDA:976,119,1,0
BRDA:977,120,0,0
BRDA:977,120,1,0
BRDA:977,121,0,0
BRDA:977,121,1,0
BRDA:977,122,0,0
BRDA:977,122,1,0
BRDA:977,123,0,0
BRDA:977,123,1,0
BRDA:978,124,0,0
BRDA:978,124,1,0
BRDA:978,124,2,0
BRDA:983,125,0,0
BRDA:983,125,1,0
BRDA:991,126,0,0
BRDA:991,126,1,0
BRDA:994,127,0,0
BRDA:994,127,1,0
BRDA:995,128,0,0
BRDA:995,128,1,0
BRDA:995,128,2,0
BRDA:1001,129,0,0
BRDA:1001,129,1,0
BRDA:1002,130,0,0
BRDA:1002,130,1,0
BRDA:1004,131,0,0
BRDA:1004,131,1,0
BRDA:1018,132,0,0
BRDA:1018,132,1,0
BRDA:1028,133,0,0
BRDA:1028,133,1,0
BRDA:1040,134,0,0
BRDA:1040,134,1,0
BRDA:1040,135,0,0
BRDA:1040,135,1,0
BRDA:1047,136,0,0
BRDA:1047,136,1,0
BRDA:1048,137,0,0
BRDA:1048,137,1,0
BRDA:1048,138,0,0
BRDA:1048,138,1,0
BRDA:1073,139,0,0
BRDA:1073,139,1,0
BRDA:1079,140,0,0
BRDA:1079,140,1,0
BRDA:1085,141,0,0
BRDA:1085,141,1,0
BRDA:1090,142,0,0
BRDA:1090,142,1,0
BRDA:1090,142,2,0
BRDA:1095,143,0,0
BRDA:1095,143,1,0
BRDA:1095,143,2,0
BRDA:1102,144,0,0
BRDA:1102,144,1,0
BRDA:1104,145,0,0
BRDA:1104,145,1,0
BRDA:1111,146,0,0
BRDA:1111,146,1,0
BRDA:1118,147,0,0
BRDA:1118,147,1,0
BRDA:1123,148,0,0
BRDA:1123,148,1,0
BRDA:1129,149,0,0
BRDA:1129,149,1,0
BRDA:1129,149,2,0
BRDA:1131,150,0,0
BRDA:1131,150,1,0
BRDA:1136,151,0,0
BRDA:1136,151,1,0
BRDA:1138,152,0,0
BRDA:1138,152,1,0
BRDA:1152,153,0,0
BRDA:1152,153,1,0
BRDA:1155,154,0,0
BRDA:1155,154,1,0
BRDA:1155,155,0,0
BRDA:1155,155,1,0
BRDA:1162,156,0,0
BRDA:1162,156,1,0
BRDA:1162,156,2,0
BRDA:1164,157,0,0
BRDA:1164,157,1,0
BRDA:1168,158,0,0
BRDA:1168,158,1,0
BRDA:1171,159,0,0
BRDA:1171,159,1,0
BRDA:1171,159,2,0
BRDA:1171,159,3,0
BRDA:1176,160,0,0
BRDA:1176,160,1,0
BRDA:1177,161,0,0
BRDA:1177,161,1,0
BRDA:1177,162,0,0
BRDA:1177,162,1,0
BRDA:1183,163,0,0
BRDA:1183,163,1,0
BRDA:1206,164,0,0
BRDA:1206,164,1,0
BRDA:1225,165,0,0
BRDA:1225,165,1,0
BRDA:1231,166,0,0
BRDA:1231,166,1,0
BRDA:1233,167,0,0
BRDA:1233,167,1,0
BRDA:1233,168,0,0
BRDA:1233,168,1,0
BRDA:1240,169,0,0
BRDA:1240,169,1,0
BRDA:1248,170,0,0
BRDA:1248,170,1,0
BRDA:1249,171,0,0
BRDA:1249,171,1,0
BRDA:1249,172,0,0
BRDA:1249,172,1,0
BRDA:1254,173,0,0
BRDA:1254,173,1,0
BRDA:1259,174,0,0
BRDA:1259,174,1,0
BRDA:1278,175,0,0
BRDA:1278,175,1,0
BRDA:1278,175,2,0
BRDA:1284,176,0,0
BRDA:1284,176,1,0
BRDA:1286,177,0,0
BRDA:1286,177,1,0
BRDA:1309,178,0,0
BRDA:1309,178,1,0
BRDA:1309,179,0,0
BRDA:1309,179,1,0
BRDA:1332,180,0,0
BRDA:1332,180,1,0
BRDA:1359,181,0,0
BRDA:1359,181,1,0
BRDA:1364,182,0,0
BRDA:1364,182,1,0
BRDA:1370,183,0,0
BRDA:1370,183,1,0
BRDA:1370,183,2,0
BRDA:1395,184,0,0
BRDA:1395,184,1,0
BRDA:1420,185,0,0
BRDA:1420,185,1,0
BRDA:1426,186,0,0
BRDA:1426,186,1,0
BRDA:1428,187,0,0
BRDA:1428,187,1,0
BRDA:1440,188,0,0
BRDA:1440,188,1,0
BRDA:1444,189,0,0
BRDA:1444,189,1,0
BRDA:1445,190,0,0
BRDA:1445,190,1,0
BRDA:1445,190,2,0
BRF:410
BRH:0
end_of_record
TN:
SF:src/pages/supplier/SupplierOfferingsPage.jsx
FN:34,formatTZS
FN:39,SupplierOfferingsPage
FN:71,(anonymous_2)
FN:72,(anonymous_3)
FN:76,(anonymous_4)
FN:77,(anonymous_5)
FN:77,(anonymous_6)
FN:82,(anonymous_7)
FN:83,(anonymous_8)
FN:83,(anonymous_9)
FN:88,(anonymous_10)
FN:89,(anonymous_11)
FN:89,(anonymous_12)
FN:94,(anonymous_13)
FN:95,(anonymous_14)
FN:95,(anonymous_15)
FN:100,(anonymous_16)
FN:103,(anonymous_17)
FN:109,(anonymous_18)
FN:109,(anonymous_19)
FN:113,(anonymous_20)
FN:113,(anonymous_21)
FN:119,(anonymous_22)
FN:119,(anonymous_23)
FN:124,(anonymous_24)
FN:124,(anonymous_25)
FN:129,(anonymous_26)
FN:129,(anonymous_27)
FN:134,(anonymous_28)
FN:136,(anonymous_29)
FN:145,(anonymous_30)
FN:147,(anonymous_31)
FN:148,(anonymous_32)
FN:149,(anonymous_33)
FN:153,(anonymous_34)
FN:155,(anonymous_35)
FN:157,(anonymous_36)
FN:173,(anonymous_37)
FN:175,(anonymous_38)
FN:180,(anonymous_39)
FN:183,(anonymous_40)
FN:183,(anonymous_41)
FN:185,(anonymous_42)
FN:185,(anonymous_43)
FN:189,(anonymous_44)
FN:190,(anonymous_45)
FN:194,(anonymous_46)
FN:196,(anonymous_47)
FN:200,(anonymous_48)
FN:203,(anonymous_49)
FN:205,(anonymous_50)
FN:209,(anonymous_51)
FN:212,(anonymous_52)
FN:214,(anonymous_53)
FN:223,(anonymous_54)
FN:225,(anonymous_55)
FN:230,(anonymous_56)
FN:231,(anonymous_57)
FN:235,(anonymous_58)
FN:263,(anonymous_59)
FN:281,(anonymous_60)
FN:285,(anonymous_61)
FN:299,(anonymous_62)
FN:316,(anonymous_63)
FN:332,(anonymous_64)
FN:333,(anonymous_65)
FN:334,(anonymous_66)
FN:334,(anonymous_67)
FN:341,(anonymous_68)
FN:347,(anonymous_69)
FN:359,(anonymous_70)
FN:359,(anonymous_71)
FN:374,(anonymous_72)
FN:380,(anonymous_73)
FN:465,(anonymous_74)
FN:496,(anonymous_75)
FN:530,(anonymous_76)
FN:532,(anonymous_77)
FN:573,(anonymous_78)
FN:611,(anonymous_79)
FN:623,(anonymous_80)
FN:699,(anonymous_81)
FN:726,(anonymous_82)
FN:734,(anonymous_83)
FN:759,(anonymous_84)
FN:794,(anonymous_85)
FN:806,(anonymous_86)
FN:850,(anonymous_87)
FN:868,(anonymous_88)
FN:876,(anonymous_89)
FN:898,(anonymous_90)
FN:924,(anonymous_91)
FN:936,(anonymous_92)
FN:989,(anonymous_93)
FN:1009,(anonymous_94)
FN:1012,(anonymous_95)
FN:1025,(anonymous_96)
FN:1075,(anonymous_97)
FN:1078,(anonymous_98)
FN:1082,(anonymous_99)
FN:1087,(anonymous_100)
FN:1107,(anonymous_101)
FN:1107,(anonymous_102)
FN:1111,(anonymous_103)
FN:1112,(anonymous_104)
FN:1130,(anonymous_105)
FN:1130,(anonymous_106)
FN:1175,(anonymous_107)
FN:1188,(anonymous_108)
FN:1191,(anonymous_109)
FN:1197,(anonymous_110)
FN:1202,(anonymous_111)
FN:1227,(anonymous_112)
FN:1243,(anonymous_113)
FN:1254,(anonymous_114)
FNF:115
FNH:0
FNDA:0,formatTZS
FNDA:0,SupplierOfferingsPage
FNDA:0,(anonymous_2)
FNDA:0,(anonymous_3)
FNDA:0,(anonymous_4)
FNDA:0,(anonymous_5)
FNDA:0,(anonymous_6)
FNDA:0,(anonymous_7)
FNDA:0,(anonymous_8)
FNDA:0,(anonymous_9)
FNDA:0,(anonymous_10)
FNDA:0,(anonymous_11)
FNDA:0,(anonymous_12)
FNDA:0,(anonymous_13)
FNDA:0,(anonymous_14)
FNDA:0,(anonymous_15)
FNDA:0,(anonymous_16)
FNDA:0,(anonymous_17)
FNDA:0,(anonymous_18)
FNDA:0,(anonymous_19)
FNDA:0,(anonymous_20)
FNDA:0,(anonymous_21)
FNDA:0,(anonymous_22)
FNDA:0,(anonymous_23)
FNDA:0,(anonymous_24)
FNDA:0,(anonymous_25)
FNDA:0,(anonymous_26)
FNDA:0,(anonymous_27)
FNDA:0,(anonymous_28)
FNDA:0,(anonymous_29)
FNDA:0,(anonymous_30)
FNDA:0,(anonymous_31)
FNDA:0,(anonymous_32)
FNDA:0,(anonymous_33)
FNDA:0,(anonymous_34)
FNDA:0,(anonymous_35)
FNDA:0,(anonymous_36)
FNDA:0,(anonymous_37)
FNDA:0,(anonymous_38)
FNDA:0,(anonymous_39)
FNDA:0,(anonymous_40)
FNDA:0,(anonymous_41)
FNDA:0,(anonymous_42)
FNDA:0,(anonymous_43)
FNDA:0,(anonymous_44)
FNDA:0,(anonymous_45)
FNDA:0,(anonymous_46)
FNDA:0,(anonymous_47)
FNDA:0,(anonymous_48)
FNDA:0,(anonymous_49)
FNDA:0,(anonymous_50)
FNDA:0,(anonymous_51)
FNDA:0,(anonymous_52)
FNDA:0,(anonymous_53)
FNDA:0,(anonymous_54)
FNDA:0,(anonymous_55)
FNDA:0,(anonymous_56)
FNDA:0,(anonymous_57)
FNDA:0,(anonymous_58)
FNDA:0,(anonymous_59)
FNDA:0,(anonymous_60)
FNDA:0,(anonymous_61)
FNDA:0,(anonymous_62)
FNDA:0,(anonymous_63)
FNDA:0,(anonymous_64)
FNDA:0,(anonymous_65)
FNDA:0,(anonymous_66)
FNDA:0,(anonymous_67)
FNDA:0,(anonymous_68)
FNDA:0,(anonymous_69)
FNDA:0,(anonymous_70)
FNDA:0,(anonymous_71)
FNDA:0,(anonymous_72)
FNDA:0,(anonymous_73)
FNDA:0,(anonymous_74)
FNDA:0,(anonymous_75)
FNDA:0,(anonymous_76)
FNDA:0,(anonymous_77)
FNDA:0,(anonymous_78)
FNDA:0,(anonymous_79)
FNDA:0,(anonymous_80)
FNDA:0,(anonymous_81)
FNDA:0,(anonymous_82)
FNDA:0,(anonymous_83)
FNDA:0,(anonymous_84)
FNDA:0,(anonymous_85)
FNDA:0,(anonymous_86)
FNDA:0,(anonymous_87)
FNDA:0,(anonymous_88)
FNDA:0,(anonymous_89)
FNDA:0,(anonymous_90)
FNDA:0,(anonymous_91)
FNDA:0,(anonymous_92)
FNDA:0,(anonymous_93)
FNDA:0,(anonymous_94)
FNDA:0,(anonymous_95)
FNDA:0,(anonymous_96)
FNDA:0,(anonymous_97)
FNDA:0,(anonymous_98)
FNDA:0,(anonymous_99)
FNDA:0,(anonymous_100)
FNDA:0,(anonymous_101)
FNDA:0,(anonymous_102)
FNDA:0,(anonymous_103)
FNDA:0,(anonymous_104)
FNDA:0,(anonymous_105)
FNDA:0,(anonymous_106)
FNDA:0,(anonymous_107)
FNDA:0,(anonymous_108)
FNDA:0,(anonymous_109)
FNDA:0,(anonymous_110)
FNDA:0,(anonymous_111)
FNDA:0,(anonymous_112)
FNDA:0,(anonymous_113)
FNDA:0,(anonymous_114)
DA:32,0
DA:35,0
DA:36,0
DA:40,0
DA:41,0
DA:42,0
DA:43,0
DA:44,0
DA:45,0
DA:46,0
DA:47,0
DA:48,0
DA:49,0
DA:50,0
DA:51,0
DA:52,0
DA:53,0
DA:54,0
DA:55,0
DA:57,0
DA:58,0
DA:59,0
DA:60,0
DA:62,0
DA:63,0
DA:65,0
DA:71,0
DA:72,0
DA:73,0
DA:76,0
DA:77,0
DA:79,0
DA:82,0
DA:83,0
DA:85,0
DA:88,0
DA:89,0
DA:91,0
DA:94,0
DA:95,0
DA:97,0
DA:100,0
DA:103,0
DA:104,0
DA:107,0
DA:108,0
DA:109,0
DA:112,0
DA:113,0
DA:118,0
DA:119,0
DA:123,0
DA:124,0
DA:128,0
DA:129,0
DA:134,0
DA:135,0
DA:136,0
DA:137,0
DA:138,0
DA:139,0
DA:141,0
DA:145,0
DA:146,0
DA:147,0
DA:148,0
DA:153,0
DA:154,0
DA:155,0
DA:156,0
DA:157,0
DA:158,0
DA:159,0
DA:160,0
DA:161,0
DA:162,0
DA:163,0
DA:164,0
DA:165,0
DA:166,0
DA:170,0
DA:173,0
DA:174,0
DA:175,0
DA:176,0
DA:177,0
DA:178,0
DA:180,0
DA:183,0
DA:184,0
DA:185,0
DA:189,0
DA:190,0
DA:191,0
DA:194,0
DA:195,0
DA:196,0
DA:197,0
DA:198,0
DA:200,0
DA:203,0
DA:204,0
DA:205,0
DA:206,0
DA:207,0
DA:209,0
DA:212,0
DA:213,0
DA:214,0
DA:215,0
DA:216,0
DA:217,0
DA:218,0
DA:220,0
DA:223,0
DA:224,0
DA:225,0
DA:226,0
DA:227,0
DA:229,0
DA:230,0
DA:231,0
DA:235,0
DA:236,0
DA:237,0
DA:238,0
DA:239,0
DA:240,0
DA:241,0
DA:242,0
DA:243,0
DA:245,0
DA:246,0
DA:247,0
DA:253,0
DA:254,0
DA:255,0
DA:257,0
DA:259,0
DA:263,0
DA:264,0
DA:265,0
DA:266,0
DA:267,0
DA:268,0
DA:269,0
DA:270,0
DA:271,0
DA:272,0
DA:273,0
DA:275,0
DA:277,0
DA:281,0
DA:282,0
DA:285,0
DA:286,0
DA:287,0
DA:288,0
DA:289,0
DA:290,0
DA:291,0
DA:292,0
DA:294,0
DA:299,0
DA:300,0
DA:301,0
DA:302,0
DA:303,0
DA:304,0
DA:305,0
DA:306,0
DA:308,0
DA:310,0
DA:311,0
DA:316,0
DA:317,0
DA:318,0
DA:319,0
DA:320,0
DA:321,0
DA:322,0
DA:323,0
DA:325,0
DA:327,0
DA:328,0
DA:332,0
DA:333,0
DA:334,0
DA:337,0
DA:341,0
DA:347,0
DA:359,0
DA:375,0
DA:381,0
DA:465,0
DA:497,0
DA:530,0
DA:533,0
DA:573,0
DA:612,0
DA:613,0
DA:614,0
DA:615,0
DA:616,0
DA:617,0
DA:623,0
DA:700,0
DA:703,0
DA:726,0
DA:734,0
DA:760,0
DA:795,0
DA:796,0
DA:797,0
DA:798,0
DA:799,0
DA:800,0
DA:806,0
DA:851,0
DA:868,0
DA:876,0
DA:899,0
DA:925,0
DA:926,0
DA:927,0
DA:928,0
DA:929,0
DA:930,0
DA:936,0
DA:990,0
DA:993,0
DA:1009,0
DA:1012,0
DA:1026,0
DA:1076,0
DA:1077,0
DA:1078,0
DA:1079,0
DA:1081,0
DA:1082,0
DA:1088,0
DA:1107,0
DA:1112,0
DA:1113,0
DA:1114,0
DA:1115,0
DA:1130,0
DA:1176,0
DA:1188,0
DA:1191,0
DA:1197,0
DA:1203,0
DA:1204,0
DA:1205,0
DA:1206,0
DA:1227,0
DA:1244,0
DA:1245,0
DA:1246,0
DA:1254,0
LF:260
LH:0
BRDA:35,0,0,0
BRDA:35,0,1,0
BRDA:62,1,0,0
BRDA:62,1,1,0
BRDA:62,2,0,0
BRDA:62,2,1,0
BRDA:63,3,0,0
BRDA:63,3,1,0
BRDA:109,4,0,0
BRDA:109,4,1,0
BRDA:119,5,0,0
BRDA:119,5,1,0
BRDA:129,6,0,0
BRDA:129,6,1,0
BRDA:129,6,2,0
BRDA:136,7,0,0
BRDA:136,7,1,0
BRDA:137,8,0,0
BRDA:137,8,1,0
BRDA:138,9,0,0
BRDA:138,9,1,0
BRDA:139,10,0,0
BRDA:139,10,1,0
BRDA:139,11,0,0
BRDA:139,11,1,0
BRDA:146,12,0,0
BRDA:146,12,1,0
BRDA:146,13,0,0
BRDA:146,13,1,0
BRDA:154,14,0,0
BRDA:154,14,1,0
BRDA:156,15,0,0
BRDA:156,15,1,0
BRDA:158,16,0,0
BRDA:158,16,1,0
BRDA:159,17,0,0
BRDA:159,17,1,0
BRDA:160,18,0,0
BRDA:160,18,1,0
BRDA:160,19,0,0
BRDA:160,19,1,0
BRDA:162,20,0,0
BRDA:162,20,1,0
BRDA:163,21,0,0
BRDA:163,21,1,0
BRDA:163,21,2,0
BRDA:163,21,3,0
BRDA:164,22,0,0
BRDA:164,22,1,0
BRDA:165,23,0,0
BRDA:165,23,1,0
BRDA:166,24,0,0
BRDA:166,24,1,0
BRDA:166,25,0,0
BRDA:166,25,1,0
BRDA:176,26,0,0
BRDA:176,26,1,0
BRDA:176,26,2,0
BRDA:177,27,0,0
BRDA:177,27,1,0
BRDA:185,28,0,0
BRDA:185,28,1,0
BRDA:197,29,0,0
BRDA:197,29,1,0
BRDA:198,30,0,0
BRDA:198,30,1,0
BRDA:206,31,0,0
BRDA:206,31,1,0
BRDA:207,32,0,0
BRDA:207,32,1,0
BRDA:215,33,0,0
BRDA:215,33,1,0
BRDA:216,34,0,0
BRDA:216,34,1,0
BRDA:226,35,0,0
BRDA:226,35,1,0
BRDA:226,35,2,0
BRDA:226,36,0,0
BRDA:226,36,1,0
BRDA:227,37,0,0
BRDA:227,37,1,0
BRDA:230,38,0,0
BRDA:230,38,1,0
BRDA:238,39,0,0
BRDA:238,39,1,0
BRDA:240,40,0,0
BRDA:240,40,1,0
BRDA:241,41,0,0
BRDA:241,41,1,0
BRDA:241,42,0,0
BRDA:241,42,1,0
BRDA:241,42,2,0
BRDA:241,42,3,0
BRDA:241,42,4,0
BRDA:265,43,0,0
BRDA:265,43,1,0
BRDA:266,44,0,0
BRDA:266,44,1,0
BRDA:267,45,0,0
BRDA:267,45,1,0
BRDA:267,46,0,0
BRDA:267,46,1,0
BRDA:287,47,0,0
BRDA:287,47,1,0
BRDA:300,48,0,0
BRDA:300,48,1,0
BRDA:317,49,0,0
BRDA:317,49,1,0
BRDA:360,50,0,0
BRDA:360,50,1,0
BRDA:361,51,0,0
BRDA:361,51,1,0
BRDA:362,52,0,0
BRDA:362,52,1,0
BRDA:365,53,0,0
BRDA:365,53,1,0
BRDA:370,54,0,0
BRDA:370,54,1,0
BRDA:379,55,0,0
BRDA:379,55,1,0
BRDA:382,56,0,0
BRDA:382,56,1,0
BRDA:383,57,0,0
BRDA:383,57,1,0
BRDA:387,58,0,0
BRDA:387,58,1,0
BRDA:396,59,0,0
BRDA:396,59,1,0
BRDA:400,60,0,0
BRDA:400,60,1,0
BRDA:413,61,0,0
BRDA:413,61,1,0
BRDA:420,62,0,0
BRDA:420,62,1,0
BRDA:427,63,0,0
BRDA:427,63,1,0
BRDA:454,64,0,0
BRDA:454,64,1,0
BRDA:456,65,0,0
BRDA:456,65,1,0
BRDA:478,66,0,0
BRDA:478,66,1,0
BRDA:480,67,0,0
BRDA:480,67,1,0
BRDA:513,68,0,0
BRDA:513,68,1,0
BRDA:515,69,0,0
BRDA:515,69,1,0
BRDA:554,70,0,0
BRDA:554,70,1,0
BRDA:586,71,0,0
BRDA:586,71,1,0
BRDA:595,72,0,0
BRDA:595,72,1,0
BRDA:607,73,0,0
BRDA:607,73,1,0
BRDA:612,74,0,0
BRDA:612,74,1,0
BRDA:613,75,0,0
BRDA:613,75,1,0
BRDA:614,76,0,0
BRDA:614,76,1,0
BRDA:615,77,0,0
BRDA:615,77,1,0
BRDA:615,78,0,0
BRDA:615,78,1,0
BRDA:616,79,0,0
BRDA:616,79,1,0
BRDA:623,80,0,0
BRDA:623,80,1,0
BRDA:630,81,0,0
BRDA:630,81,1,0
BRDA:636,82,0,0
BRDA:636,82,1,0
BRDA:636,82,2,0
BRDA:638,83,0,0
BRDA:638,83,1,0
BRDA:643,84,0,0
BRDA:643,84,1,0
BRDA:647,85,0,0
BRDA:647,85,1,0
BRDA:650,86,0,0
BRDA:650,86,1,0
BRDA:656,87,0,0
BRDA:656,87,1,0
BRDA:662,88,0,0
BRDA:662,88,1,0
BRDA:663,89,0,0
BRDA:663,89,1,0
BRDA:664,90,0,0
BRDA:664,90,1,0
BRDA:665,91,0,0
BRDA:665,91,1,0
BRDA:671,92,0,0
BRDA:671,92,1,0
BRDA:672,93,0,0
BRDA:672,93,1,0
BRDA:672,94,0,0
BRDA:672,94,1,0
BRDA:676,95,0,0
BRDA:676,95,1,0
BRDA:700,96,0,0
BRDA:700,96,1,0
BRDA:700,97,0,0
BRDA:700,97,1,0
BRDA:700,97,2,0
BRDA:701,98,0,0
BRDA:701,98,1,0
BRDA:701,99,0,0
BRDA:701,99,1,0
BRDA:706,100,0,0
BRDA:706,100,1,0
BRDA:710,101,0,0
BRDA:710,101,1,0
BRDA:712,102,0,0
BRDA:712,102,1,0
BRDA:712,103,0,0
BRDA:712,103,1,0
BRDA:721,104,0,0
BRDA:721,104,1,0
BRDA:721,104,2,0
BRDA:728,105,0,0
BRDA:728,105,1,0
BRDA:736,106,0,0
BRDA:736,106,1,0
BRDA:742,107,0,0
BRDA:742,107,1,0
BRDA:742,107,2,0
BRDA:744,108,0,0
BRDA:744,108,1,0
BRDA:748,109,0,0
BRDA:748,109,1,0
BRDA:748,109,2,0
BRDA:748,109,3,0
BRDA:751,110,0,0
BRDA:751,110,1,0
BRDA:751,110,2,0
BRDA:751,110,3,0
BRDA:751,110,4,0
BRDA:754,111,0,0
BRDA:754,111,1,0
BRDA:754,111,2,0
BRDA:754,111,3,0
BRDA:754,111,4,0
BRDA:757,112,0,0
BRDA:757,112,1,0
BRDA:763,113,0,0
BRDA:763,113,1,0
BRDA:765,114,0,0
BRDA:765,114,1,0
BRDA:790,115,0,0
BRDA:790,115,1,0
BRDA:795,116,0,0
BRDA:795,116,1,0
BRDA:796,117,0,0
BRDA:796,117,1,0
BRDA:797,118,0,0
BRDA:797,118,1,0
BRDA:798,119,0,0
BRDA:798,119,1,0
BRDA:798,120,0,0
BRDA:798,120,1,0
BRDA:799,121,0,0
BRDA:799,121,1,0
BRDA:806,122,0,0
BRDA:806,122,1,0
BRDA:811,123,0,0
BRDA:811,123,1,0
BRDA:815,124,0,0
BRDA:815,124,1,0
BRDA:815,124,2,0
BRDA:816,125,0,0
BRDA:816,125,1,0
BRDA:819,126,0,0
BRDA:819,126,1,0
BRDA:820,127,0,0
BRDA:820,127,1,0
BRDA:822,128,0,0
BRDA:822,128,1,0
BRDA:824,129,0,0
BRDA:824,129,1,0
BRDA:829,130,0,0
BRDA:829,130,1,0
BRDA:830,131,0,0
BRDA:830,131,1,0
BRDA:831,132,0,0
BRDA:831,132,1,0
BRDA:832,133,0,0
BRDA:832,133,1,0
BRDA:836,134,0,0
BRDA:836,134,1,0
BRDA:837,135,0,0
BRDA:837,135,1,0
BRDA:837,136,0,0
BRDA:837,136,1,0
BRDA:852,137,0,0
BRDA:852,137,1,0
BRDA:855,138,0,0
BRDA:855,138,1,0
BRDA:855,139,0,0
BRDA:855,139,1,0
BRDA:863,140,0,0
BRDA:863,140,1,0
BRDA:863,140,2,0
BRDA:870,141,0,0
BRDA:870,141,1,0
BRDA:878,142,0,0
BRDA:878,142,1,0
BRDA:884,143,0,0
BRDA:884,143,1,0
BRDA:884,143,2,0
BRDA:886,144,0,0
BRDA:886,144,1,0
BRDA:890,145,0,0
BRDA:890,145,1,0
BRDA:890,145,2,0
BRDA:890,145,3,0
BRDA:893,146,0,0
BRDA:893,146,1,0
BRDA:893,146,2,0
BRDA:893,146,3,0
BRDA:896,147,0,0
BRDA:896,147,1,0
BRDA:900,148,0,0
BRDA:900,148,1,0
BRDA:901,149,0,0
BRDA:901,149,1,0
BRDA:917,150,0,0
BRDA:917,150,1,0
BRDA:925,151,0,0
BRDA:925,151,1,0
BRDA:926,152,0,0
BRDA:926,152,1,0
BRDA:927,153,0,0
BRDA:927,153,1,0
BRDA:928,154,0,0
BRDA:928,154,1,0
BRDA:928,155,0,0
BRDA:928,155,1,0
BRDA:929,156,0,0
BRDA:929,156,1,0
BRDA:936,157,0,0
BRDA:936,157,1,0
BRDA:941,158,0,0
BRDA:941,158,1,0
BRDA:944,159,0,0
BRDA:944,159,1,0
BRDA:944,159,2,0
BRDA:945,160,0,0
BRDA:945,160,1,0
BRDA:948,161,0,0
BRDA:948,161,1,0
BRDA:949,162,0,0
BRDA:949,162,1,0
BRDA:951,163,0,0
BRDA:951,163,1,0
BRDA:953,164,0,0
BRDA:953,164,1,0
BRDA:958,165,0,0
BRDA:958,165,1,0
BRDA:959,166,0,0
BRDA:959,166,1,0
BRDA:960,167,0,0
BRDA:960,167,1,0
BRDA:961,168,0,0
BRDA:961,168,1,0
BRDA:965,169,0,0
BRDA:965,169,1,0
BRDA:966,170,0,0
BRDA:966,170,1,0
BRDA:966,171,0,0
BRDA:966,171,1,0
BRDA:969,172,0,0
BRDA:969,172,1,0
BRDA:990,173,0,0
BRDA:990,173,1,0
BRDA:990,174,0,0
BRDA:990,174,1,0
BRDA:990,174,2,0
BRDA:991,175,0,0
BRDA:991,175,1,0
BRDA:991,176,0,0
BRDA:991,176,1,0
BRDA:995,177,0,0
BRDA:995,177,1,0
BRDA:998,178,0,0
BRDA:998,178,1,0
BRDA:999,179,0,0
BRDA:999,179,1,0
BRDA:999,180,0,0
BRDA:999,180,1,0
BRDA:1007,181,0,0
BRDA:1007,181,1,0
BRDA:1007,181,2,0
BRDA:1009,182,0,0
BRDA:1009,182,1,0
BRDA:1012,183,0,0
BRDA:1012,183,1,0
BRDA:1017,184,0,0
BRDA:1017,184,1,0
BRDA:1017,184,2,0
BRDA:1019,185,0,0
BRDA:1019,185,1,0
BRDA:1023,186,0,0
BRDA:1023,186,1,0
BRDA:1027,187,0,0
BRDA:1027,187,1,0
BRDA:1028,188,0,0
BRDA:1028,188,1,0
BRDA:1049,189,0,0
BRDA:1049,189,1,0
BRDA:1074,190,0,0
BRDA:1074,190,1,0
BRDA:1074,191,0,0
BRDA:1074,191,1,0
BRDA:1077,192,0,0
BRDA:1077,192,1,0
BRDA:1089,193,0,0
BRDA:1089,193,1,0
BRDA:1093,194,0,0
BRDA:1093,194,1,0
BRDA:1093,194,2,0
BRDA:1111,195,0,0
BRDA:1111,195,1,0
BRDA:1111,195,2,0
BRDA:1113,196,0,0
BRDA:1113,196,1,0
BRDA:1114,197,0,0
BRDA:1114,197,1,0
BRDA:1114,198,0,0
BRDA:1114,198,1,0
BRDA:1115,199,0,0
BRDA:1115,199,1,0
BRDA:1137,200,0,0
BRDA:1137,200,1,0
BRDA:1137,200,2,0
BRDA:1137,200,3,0
BRDA:1137,200,4,0
BRDA:1154,201,0,0
BRDA:1154,201,1,0
BRDA:1156,202,0,0
BRDA:1156,202,1,0
BRDA:1178,203,0,0
BRDA:1178,203,1,0
BRDA:1180,204,0,0
BRDA:1180,204,1,0
BRDA:1203,205,0,0
BRDA:1203,205,1,0
BRDA:1204,206,0,0
BRDA:1204,206,1,0
BRDA:1205,207,0,0
BRDA:1205,207,1,0
BRDA:1205,208,0,0
BRDA:1205,208,1,0
BRDA:1206,209,0,0
BRDA:1206,209,1,0
BRDA:1213,210,0,0
BRDA:1213,210,1,0
BRDA:1218,211,0,0
BRDA:1218,211,1,0
BRDA:1221,212,0,0
BRDA:1221,212,1,0
BRDA:1231,213,0,0
BRDA:1231,213,1,0
BRDA:1235,214,0,0
BRDA:1235,214,1,0
BRDA:1238,215,0,0
BRDA:1238,215,1,0
BRDA:1245,216,0,0
BRDA:1245,216,1,0
BRDA:1246,217,0,0
BRDA:1246,217,1,0
BRF:472
BRH:0
end_of_record
TN:
SF:src/pages/tfra/TFRADashboard.jsx
FN:30,formatTZS
FN:35,TFRADashboard
FN:50,(anonymous_2)
FN:52,(anonymous_3)
FN:61,(anonymous_4)
FN:63,(anonymous_5)
FN:69,(anonymous_6)
FN:88,(anonymous_7)
FN:89,(anonymous_8)
FN:89,(anonymous_9)
FN:89,(anonymous_10)
FN:90,(anonymous_11)
FN:90,(anonymous_12)
FN:90,(anonymous_13)
FN:91,(anonymous_14)
FN:91,(anonymous_15)
FN:91,(anonymous_16)
FN:92,(anonymous_17)
FN:92,(anonymous_18)
FN:92,(anonymous_19)
FN:96,(anonymous_20)
FN:97,(anonymous_21)
FN:97,(anonymous_22)
FN:100,(anonymous_23)
FN:101,(anonymous_24)
FN:104,(anonymous_25)
FN:131,(anonymous_26)
FN:135,(anonymous_27)
FN:148,(anonymous_28)
FN:164,(anonymous_29)
FN:174,(anonymous_30)
FN:178,(anonymous_31)
FN:182,(anonymous_32)
FN:196,(anonymous_33)
FN:205,(anonymous_34)
FN:206,(anonymous_35)
FN:221,(anonymous_36)
FN:223,(anonymous_37)
FN:225,(anonymous_38)
FN:227,(anonymous_39)
FN:241,(anonymous_40)
FN:247,(anonymous_41)
FN:259,(anonymous_42)
FN:259,(anonymous_43)
FN:274,(anonymous_44)
FN:280,(anonymous_45)
FN:401,(anonymous_46)
FN:407,(anonymous_47)
FN:416,(anonymous_48)
FN:464,(anonymous_49)
FN:470,(anonymous_50)
FN:495,(anonymous_51)
FN:506,(anonymous_52)
FN:547,(anonymous_53)
FN:558,(anonymous_54)
FN:647,(anonymous_55)
FN:647,(anonymous_56)
FN:648,(anonymous_57)
FN:648,(anonymous_58)
FN:649,(anonymous_59)
FN:649,(anonymous_60)
FN:650,(anonymous_61)
FN:650,(anonymous_62)
FN:651,(anonymous_63)
FN:651,(anonymous_64)
FN:660,(anonymous_65)
FN:684,(anonymous_66)
FN:692,(anonymous_67)
FNF:68
FNH:0
FNDA:0,formatTZS
FNDA:0,TFRADashboard
FNDA:0,(anonymous_2)
FNDA:0,(anonymous_3)
FNDA:0,(anonymous_4)
FNDA:0,(anonymous_5)
FNDA:0,(anonymous_6)
FNDA:0,(anonymous_7)
FNDA:0,(anonymous_8)
FNDA:0,(anonymous_9)
FNDA:0,(anonymous_10)
FNDA:0,(anonymous_11)
FNDA:0,(anonymous_12)
FNDA:0,(anonymous_13)
FNDA:0,(anonymous_14)
FNDA:0,(anonymous_15)
FNDA:0,(anonymous_16)
FNDA:0,(anonymous_17)
FNDA:0,(anonymous_18)
FNDA:0,(anonymous_19)
FNDA:0,(anonymous_20)
FNDA:0,(anonymous_21)
FNDA:0,(anonymous_22)
FNDA:0,(anonymous_23)
FNDA:0,(anonymous_24)
FNDA:0,(anonymous_25)
FNDA:0,(anonymous_26)
FNDA:0,(anonymous_27)
FNDA:0,(anonymous_28)
FNDA:0,(anonymous_29)
FNDA:0,(anonymous_30)
FNDA:0,(anonymous_31)
FNDA:0,(anonymous_32)
FNDA:0,(anonymous_33)
FNDA:0,(anonymous_34)
FNDA:0,(anonymous_35)
FNDA:0,(anonymous_36)
FNDA:0,(anonymous_37)
FNDA:0,(anonymous_38)
FNDA:0,(anonymous_39)
FNDA:0,(anonymous_40)
FNDA:0,(anonymous_41)
FNDA:0,(anonymous_42)
FNDA:0,(anonymous_43)
FNDA:0,(anonymous_44)
FNDA:0,(anonymous_45)
FNDA:0,(anonymous_46)
FNDA:0,(anonymous_47)
FNDA:0,(anonymous_48)
FNDA:0,(anonymous_49)
FNDA:0,(anonymous_50)
FNDA:0,(anonymous_51)
FNDA:0,(anonymous_52)
FNDA:0,(anonymous_53)
FNDA:0,(anonymous_54)
FNDA:0,(anonymous_55)
FNDA:0,(anonymous_56)
FNDA:0,(anonymous_57)
FNDA:0,(anonymous_58)
FNDA:0,(anonymous_59)
FNDA:0,(anonymous_60)
FNDA:0,(anonymous_61)
FNDA:0,(anonymous_62)
FNDA:0,(anonymous_63)
FNDA:0,(anonymous_64)
FNDA:0,(anonymous_65)
FNDA:0,(anonymous_66)
FNDA:0,(anonymous_67)
DA:31,0
DA:32,0
DA:36,0
DA:37,0
DA:38,0
DA:39,0
DA:40,0
DA:41,0
DA:42,0
DA:43,0
DA:44,0
DA:45,0
DA:46,0
DA:47,0
DA:50,0
DA:51,0
DA:52,0
DA:53,0
DA:54,0
DA:55,0
DA:57,0
DA:61,0
DA:62,0
DA:63,0
DA:64,0
DA:65,0
DA:66,0
DA:67,0
DA:69,0
DA:70,0
DA:71,0
DA:72,0
DA:73,0
DA:74,0
DA:75,0
DA:76,0
DA:77,0
DA:78,0
DA:79,0
DA:80,0
DA:81,0
DA:84,0
DA:88,0
DA:89,0
DA:90,0
DA:91,0
DA:92,0
DA:93,0
DA:96,0
DA:97,0
DA:100,0
DA:101,0
DA:104,0
DA:105,0
DA:106,0
DA:107,0
DA:108,0
DA:109,0
DA:110,0
DA:112,0
DA:113,0
DA:114,0
DA:121,0
DA:122,0
DA:123,0
DA:125,0
DA:127,0
DA:131,0
DA:132,0
DA:135,0
DA:136,0
DA:137,0
DA:138,0
DA:139,0
DA:140,0
DA:141,0
DA:142,0
DA:144,0
DA:148,0
DA:149,0
DA:150,0
DA:151,0
DA:152,0
DA:153,0
DA:154,0
DA:156,0
DA:158,0
DA:162,0
DA:164,0
DA:165,0
DA:172,0
DA:173,0
DA:174,0
DA:175,0
DA:176,0
DA:177,0
DA:178,0
DA:179,0
DA:180,0
DA:181,0
DA:182,0
DA:183,0
DA:186,0
DA:187,0
DA:188,0
DA:189,0
DA:196,0
DA:197,0
DA:199,0
DA:200,0
DA:205,0
DA:206,0
DA:210,0
DA:213,0
DA:214,0
DA:216,0
DA:217,0
DA:218,0
DA:219,0
DA:221,0
DA:222,0
DA:223,0
DA:224,0
DA:225,0
DA:226,0
DA:227,0
DA:228,0
DA:231,0
DA:237,0
DA:241,0
DA:247,0
DA:259,0
DA:275,0
DA:281,0
DA:402,0
DA:407,0
DA:417,0
DA:465,0
DA:466,0
DA:470,0
DA:496,0
DA:497,0
DA:507,0
DA:508,0
DA:548,0
DA:549,0
DA:550,0
DA:552,0
DA:553,0
DA:554,0
DA:555,0
DA:556,0
DA:557,0
DA:558,0
DA:560,0
DA:561,0
DA:562,0
DA:563,0
DA:569,0
DA:570,0
DA:572,0
DA:573,0
DA:574,0
DA:575,0
DA:576,0
DA:577,0
DA:578,0
DA:579,0
DA:580,0
DA:581,0
DA:582,0
DA:583,0
DA:584,0
DA:586,0
DA:647,0
DA:648,0
DA:649,0
DA:650,0
DA:651,0
DA:661,0
DA:685,0
DA:692,0
LF:182
LH:0
BRDA:31,0,0,0
BRDA:31,0,1,0
BRDA:52,1,0,0
BRDA:52,1,1,0
BRDA:53,2,0,0
BRDA:53,2,1,0
BRDA:54,3,0,0
BRDA:54,3,1,0
BRDA:55,4,0,0
BRDA:55,4,1,0
BRDA:55,5,0,0
BRDA:55,5,1,0
BRDA:63,6,0,0
BRDA:63,6,1,0
BRDA:64,7,0,0
BRDA:64,7,1,0
BRDA:65,8,0,0
BRDA:65,8,1,0
BRDA:66,9,0,0
BRDA:66,9,1,0
BRDA:71,10,0,0
BRDA:71,10,1,0
BRDA:71,11,0,0
BRDA:71,11,1,0
BRDA:76,12,0,0
BRDA:76,12,1,0
BRDA:77,13,0,0
BRDA:77,13,1,0
BRDA:79,14,0,0
BRDA:79,14,1,0
BRDA:81,15,0,0
BRDA:81,15,1,0
BRDA:108,16,0,0
BRDA:108,16,1,0
BRDA:108,17,0,0
BRDA:108,17,1,0
BRDA:117,18,0,0
BRDA:117,18,1,0
BRDA:118,19,0,0
BRDA:118,19,1,0
BRDA:119,20,0,0
BRDA:119,20,1,0
BRDA:137,21,0,0
BRDA:137,21,1,0
BRDA:152,22,0,0
BRDA:152,22,1,0
BRDA:162,23,0,0
BRDA:162,23,1,0
BRDA:172,24,0,0
BRDA:172,24,1,0
BRDA:178,25,0,0
BRDA:178,25,1,0
BRDA:180,26,0,0
BRDA:180,26,1,0
BRDA:183,27,0,0
BRDA:183,27,1,0
BRDA:190,28,0,0
BRDA:190,28,1,0
BRDA:208,29,0,0
BRDA:208,29,1,0
BRDA:214,30,0,0
BRDA:214,30,1,0
BRDA:222,31,0,0
BRDA:222,31,1,0
BRDA:222,32,0,0
BRDA:222,32,1,0
BRDA:222,32,2,0
BRDA:222,32,3,0
BRDA:224,33,0,0
BRDA:224,33,1,0
BRDA:225,34,0,0
BRDA:225,34,1,0
BRDA:226,35,0,0
BRDA:226,35,1,0
BRDA:227,36,0,0
BRDA:227,36,1,0
BRDA:228,37,0,0
BRDA:228,37,1,0
BRDA:260,38,0,0
BRDA:260,38,1,0
BRDA:261,39,0,0
BRDA:261,39,1,0
BRDA:262,40,0,0
BRDA:262,40,1,0
BRDA:265,41,0,0
BRDA:265,41,1,0
BRDA:270,42,0,0
BRDA:270,42,1,0
BRDA:279,43,0,0
BRDA:279,43,1,0
BRDA:281,44,0,0
BRDA:281,44,1,0
BRDA:281,45,0,0
BRDA:281,45,1,0
BRDA:285,46,0,0
BRDA:285,46,1,0
BRDA:293,47,0,0
BRDA:293,47,1,0
BRDA:296,48,0,0
BRDA:296,48,1,0
BRDA:296,48,2,0
BRDA:304,49,0,0
BRDA:304,49,1,0
BRDA:310,50,0,0
BRDA:310,50,1,0
BRDA:316,51,0,0
BRDA:316,51,1,0
BRDA:322,52,0,0
BRDA:322,52,1,0
BRDA:328,53,0,0
BRDA:328,53,1,0
BRDA:340,54,0,0
BRDA:340,54,1,0
BRDA:342,55,0,0
BRDA:342,55,1,0
BRDA:362,56,0,0
BRDA:362,56,1,0
BRDA:364,57,0,0
BRDA:364,57,1,0
BRDA:384,58,0,0
BRDA:384,58,1,0
BRDA:386,59,0,0
BRDA:386,59,1,0
BRDA:433,60,0,0
BRDA:433,60,1,0
BRDA:446,61,0,0
BRDA:446,61,1,0
BRDA:448,62,0,0
BRDA:448,62,1,0
BRDA:470,63,0,0
BRDA:470,63,1,0
BRDA:476,64,0,0
BRDA:476,64,1,0
BRDA:476,64,2,0
BRDA:477,65,0,0
BRDA:477,65,1,0
BRDA:484,66,0,0
BRDA:484,66,1,0
BRDA:484,66,2,0
BRDA:488,67,0,0
BRDA:488,67,1,0
BRDA:514,68,0,0
BRDA:514,68,1,0
BRDA:522,69,0,0
BRDA:522,69,1,0
BRDA:529,70,0,0
BRDA:529,70,1,0
BRDA:529,71,0,0
BRDA:529,71,1,0
BRDA:548,72,0,0
BRDA:548,72,1,0
BRDA:548,72,2,0
BRDA:549,73,0,0
BRDA:549,73,1,0
BRDA:550,74,0,0
BRDA:550,74,1,0
BRDA:553,75,0,0
BRDA:553,75,1,0
BRDA:554,76,0,0
BRDA:554,76,1,0
BRDA:555,77,0,0
BRDA:555,77,1,0
BRDA:555,78,0,0
BRDA:555,78,1,0
BRDA:556,79,0,0
BRDA:556,79,1,0
BRDA:557,80,0,0
BRDA:557,80,1,0
BRDA:560,81,0,0
BRDA:560,81,1,0
BRDA:561,82,0,0
BRDA:561,82,1,0
BRDA:569,83,0,0
BRDA:569,83,1,0
BRDA:569,84,0,0
BRDA:569,84,1,0
BRDA:570,85,0,0
BRDA:570,85,1,0
BRDA:574,86,0,0
BRDA:574,86,1,0
BRDA:574,87,0,0
BRDA:574,87,1,0
BRDA:574,87,2,0
BRDA:576,88,0,0
BRDA:576,88,1,0
BRDA:577,89,0,0
BRDA:577,89,1,0
BRDA:578,90,0,0
BRDA:578,90,1,0
BRDA:579,91,0,0
BRDA:579,91,1,0
BRDA:582,92,0,0
BRDA:582,92,1,0
BRDA:589,93,0,0
BRDA:589,93,1,0
BRDA:602,94,0,0
BRDA:602,94,1,0
BRDA:605,95,0,0
BRDA:605,95,1,0
BRDA:631,96,0,0
BRDA:631,96,1,0
BRDA:658,97,0,0
BRDA:658,97,1,0
BRDA:664,98,0,0
BRDA:664,98,1,0
BRDA:687,99,0,0
BRDA:687,99,1,0
BRDA:688,100,0,0
BRDA:688,100,1,0
BRDA:690,101,0,0
BRDA:690,101,1,0
BRF:211
BRH:0
end_of_record
TN:
SF:src/services/api.js
FN:12,(anonymous_0)
FN:19,(anonymous_1)
FN:20,(anonymous_2)
FNF:3
FNH:0
FNDA:0,(anonymous_0)
FNDA:0,(anonymous_1)
FNDA:0,(anonymous_2)
DA:7,3
DA:12,3
DA:13,0
DA:14,0
DA:15,0
DA:18,3
DA:19,0
DA:21,0
DA:22,0
LF:9
LH:3
BRDA:8,0,0,3
BRDA:8,0,1,3
BRDA:14,1,0,0
BRDA:14,1,1,0
BRDA:21,2,0,0
BRDA:21,2,1,0
BRF:6
BRH:2
end_of_record
TN:
SF:src/services/authApi.js
FN:7,toRole
FN:13,login
FN:38,logout
FN:46,register
FNF:4
FNH:3
FNDA:6,toRole
FNDA:2,login
FNDA:0,logout
FNDA:1,register
DA:8,6
DA:9,4
DA:10,4
DA:14,2
DA:18,2
DA:19,0
DA:21,2
DA:22,1
DA:23,2
DA:33,2
DA:34,2
DA:39,0
DA:40,0
DA:47,1
DA:58,1
LF:15
LH:12
BRDA:8,0,0,2
BRDA:8,0,1,4
BRDA:10,1,0,1
BRDA:10,1,1,3
BRDA:18,2,0,0
BRDA:18,2,1,2
BRDA:18,3,0,2
BRDA:18,3,1,0
BRDA:22,4,0,1
BRDA:22,4,1,0
BRDA:26,5,0,2
BRDA:26,5,1,0
BRDA:28,6,0,2
BRDA:28,6,1,0
BRDA:29,7,0,2
BRDA:29,7,1,1
BRDA:30,8,0,2
BRDA:30,8,1,1
BRDA:31,9,0,2
BRDA:31,9,1,1
BRDA:48,10,0,1
BRDA:48,10,1,0
BRDA:48,11,0,1
BRDA:48,11,1,0
BRDA:48,12,0,0
BRDA:48,12,1,0
BRDA:52,13,0,1
BRDA:52,13,1,0
BRDA:53,14,0,1
BRDA:53,14,1,0
BRDA:54,15,0,1
BRDA:54,15,1,1
BRDA:55,16,0,1
BRDA:55,16,1,1
BRDA:56,17,0,1
BRDA:56,17,1,1
BRF:36
BRH:25
end_of_record
TN:
SF:src/services/authStorage.js
FN:4,getStoredToken
FN:8,getStoredUser
FN:17,setAuthStorage
FNF:3
FNH:3
FNDA:5,getStoredToken
FNDA:10,getStoredUser
FNDA:8,setAuthStorage
DA:1,4
DA:2,4
DA:5,5
DA:9,10
DA:10,10
DA:11,10
DA:13,1
DA:18,8
DA:19,1
DA:20,8
DA:21,2
LF:11
LH:11
BRDA:11,0,0,4
BRDA:11,0,1,6
BRDA:18,1,0,7
BRDA:18,1,1,1
BRDA:20,2,0,6
BRDA:20,2,1,2
BRF:6
BRH:6
end_of_record
TN:
SF:src/services/bulkOrdersApi.js
FN:4,list
FN:10,listWithFilters
FN:20,listForTfra
FN:26,listSuppliers
FN:32,getById
FN:38,create
FN:44,confirmBySupplier
FN:50,getCancellationStats
FN:56,cancel
FN:62,tfraApprove
FNF:10
FNH:0
FNDA:0,list
FNDA:0,listWithFilters
FNDA:0,listForTfra
FNDA:0,listSuppliers
FNDA:0,getById
FNDA:0,create
FNDA:0,confirmBySupplier
FNDA:0,getCancellationStats
FNDA:0,cancel
FNDA:0,tfraApprove
DA:5,0
DA:6,0
DA:11,0
DA:12,0
DA:13,0
DA:14,0
DA:15,0
DA:16,0
DA:21,0
DA:22,0
DA:27,0
DA:28,0
DA:33,0
DA:34,0
DA:39,0
DA:40,0
DA:45,0
DA:46,0
DA:51,0
DA:52,0
DA:57,0
DA:58,0
DA:63,0
DA:64,0
LF:24
LH:0
BRDA:5,0,0,0
BRDA:5,0,1,0
BRDA:12,1,0,0
BRDA:12,1,1,0
BRDA:13,2,0,0
BRDA:13,2,1,0
BRDA:14,3,0,0
BRDA:14,3,1,0
BRDA:15,4,0,0
BRDA:15,4,1,0
BRF:10
BRH:0
end_of_record
TN:
SF:src/services/catalogApi.js
FN:4,getCatalog
FNF:1
FNH:0
FNDA:0,getCatalog
DA:5,0
DA:6,0
LF:2
LH:0
BRF:0
BRH:0
end_of_record
TN:
SF:src/services/fertilizersApi.js
FN:4,listFertilizers
FN:9,getFertilizer
FN:15,createFertilizer
FN:21,updateFertilizer
FN:27,deleteFertilizer
FNF:5
FNH:0
FNDA:0,listFertilizers
FNDA:0,getFertilizer
FNDA:0,createFertilizer
FNDA:0,updateFertilizer
FNDA:0,deleteFertilizer
DA:5,0
DA:6,0
DA:10,0
DA:11,0
DA:16,0
DA:17,0
DA:22,0
DA:23,0
DA:28,0
LF:9
LH:0
BRF:0
BRH:0
end_of_record
TN:
SF:src/services/logisticsApi.js
FN:4,listDeliveries
FN:10,getById
FN:16,createDelivery
FN:22,updateStatus
FN:28,confirmDelivery
FNF:5
FNH:0
FNDA:0,listDeliveries
FNDA:0,getById
FNDA:0,createDelivery
FNDA:0,updateStatus
FNDA:0,confirmDelivery
DA:5,0
DA:6,0
DA:11,0
DA:12,0
DA:17,0
DA:18,0
DA:23,0
DA:24,0
DA:29,0
DA:30,0
LF:10
LH:0
BRF:0
BRH:0
end_of_record
TN:
SF:src/services/paymentsApi.js
FN:4,listMy
FN:10,create
FN:16,deletePayment
FNF:3
FNH:0
FNDA:0,listMy
FNDA:0,create
FNDA:0,deletePayment
DA:5,0
DA:6,0
DA:11,0
DA:12,0
DA:17,0
LF:5
LH:0
BRF:0
BRH:0
end_of_record
TN:
SF:src/services/supplierOfferingsApi.js
FN:4,listMyOfferings
FN:10,createOffering
FN:16,updateOffering
FN:22,deleteOffering
FNF:4
FNH:0
FNDA:0,listMyOfferings
FNDA:0,createOffering
FNDA:0,updateOffering
FNDA:0,deleteOffering
DA:5,0
DA:6,0
DA:11,0
DA:12,0
DA:17,0
DA:18,0
DA:23,0
LF:7
LH:0
BRF:0
BRH:0
end_of_record
TN:
SF:src/services/tfraPricesApi.js
FN:4,getPrices
FN:10,getSummary
FN:16,getRegion
FN:22,getLocations
FNF:4
FNH:0
FNDA:0,getPrices
FNDA:0,getSummary
FNDA:0,getRegion
FNDA:0,getLocations
DA:5,0
DA:6,0
DA:11,0
DA:12,0
DA:17,0
DA:18,0
DA:23,0
DA:24,0
LF:8
LH:0
BRF:0
BRH:0
end_of_record
TN:
SF:src/services/tfraReferencePricesApi.js
FN:4,getReferencePrices
FNF:1
FNH:0
FNDA:0,getReferencePrices
DA:5,0
DA:6,0
LF:2
LH:0
BRF:0
BRH:0
end_of_record
TN:
SF:src/utils/dateTime.js
FN:9,formatDateTime
FN:23,formatDateOnly
FNF:2
FNH:0
FNDA:0,formatDateTime
FNDA:0,formatDateOnly
DA:10,0
DA:11,0
DA:24,0
DA:25,0
LF:4
LH:0
BRDA:10,0,0,0
BRDA:10,0,1,0
BRDA:24,1,0,0
BRDA:24,1,1,0
BRF:4
BRH:0
end_of_record
TN:
SF:src/utils/errorNotifications.js
FN:11,getErrorMessage
FN:38,withContext
FNF:2
FNH:0
FNDA:0,getErrorMessage
FNDA:0,withContext
DA:12,0
DA:13,0
DA:14,0
DA:15,0
DA:16,0
DA:17,0
DA:18,0
DA:19,0
DA:22,0
DA:23,0
DA:24,0
DA:25,0
DA:26,0
DA:27,0
DA:28,0
DA:29,0
DA:39,0
DA:40,0
DA:41,0
DA:42,0
LF:20
LH:0
BRDA:12,0,0,0
BRDA:12,0,1,0
BRDA:14,1,0,0
BRDA:14,1,1,0
BRDA:15,2,0,0
BRDA:15,2,1,0
BRDA:15,3,0,0
BRDA:15,3,1,0
BRDA:16,4,0,0
BRDA:16,4,1,0
BRDA:16,5,0,0
BRDA:16,5,1,0
BRDA:17,6,0,0
BRDA:17,6,1,0
BRDA:17,7,0,0
BRDA:17,7,1,0
BRDA:19,8,0,0
BRDA:19,8,1,0
BRDA:19,9,0,0
BRDA:19,9,1,0
BRDA:19,9,2,0
BRDA:23,10,0,0
BRDA:23,10,1,0
BRDA:24,11,0,0
BRDA:24,11,1,0
BRDA:25,12,0,0
BRDA:25,12,1,0
BRDA:26,13,0,0
BRDA:26,13,1,0
BRDA:27,14,0,0
BRDA:27,14,1,0
BRDA:27,15,0,0
BRDA:27,15,1,0
BRDA:28,16,0,0
BRDA:28,16,1,0
BRDA:39,17,0,0
BRDA:39,17,1,0
BRDA:40,18,0,0
BRDA:40,18,1,0
BRDA:41,19,0,0
BRDA:41,19,1,0
BRF:41
BRH:0
end_of_record
TN:
SF:src/utils/validation.js
FN:1,(anonymous_0)
FN:6,(anonymous_1)
FN:11,(anonymous_2)
FN:17,(anonymous_3)
FN:23,(anonymous_4)
FNF:5
FNH:0
FNDA:0,(anonymous_0)
FNDA:0,(anonymous_1)
FNDA:0,(anonymous_2)
FNDA:0,(anonymous_3)
FNDA:0,(anonymous_4)
DA:1,0
DA:2,0
DA:3,0
DA:6,0
DA:7,0
DA:8,0
DA:11,0
DA:13,0
DA:14,0
DA:17,0
DA:19,0
DA:20,0
DA:23,0
DA:24,0
DA:26,0
DA:27,0
DA:28,0
DA:29,0
DA:30,0
DA:31,0
DA:33,0
DA:41,0
DA:42,0
LF:23
LH:0
BRDA:24,0,0,0
BRDA:24,0,1,0
BRDA:27,1,0,0
BRDA:27,1,1,0
BRDA:28,2,0,0
BRDA:28,2,1,0
BRDA:29,3,0,0
BRDA:29,3,1,0
BRDA:30,4,0,0
BRDA:30,4,1,0
BRDA:31,5,0,0
BRDA:31,5,1,0
BRDA:41,6,0,0
BRDA:41,6,1,0
BRF:14
BRH:0
end_of_record
